#
# There is insufficient memory for the Java Runtime Environment to continue.
# Native memory allocation (malloc) failed to allocate 772896 bytes for Chunk::new
# Possible reasons:
#   The system is out of physical RAM or swap space
#   The process is running with CompressedOops enabled, and the Java Heap may be blocking the growth of the native heap
# Possible solutions:
#   Reduce memory load on the system
#   Increase physical memory or swap space
#   Check if swap backing store is full
#   Decrease Java heap size (-Xmx/-Xms)
#   Decrease number of Java threads
#   Decrease Java thread stack sizes (-Xss)
#   Set larger code cache with -XX:ReservedCodeCacheSize=
#   JVM is running with Unscaled Compressed Oops mode in which the Java heap is
#     placed in the first 4GB address space. The Java Heap base address is the
#     maximum limit for the native heap growth. Please use -XX:HeapBaseMinAddress
#     to set the Java Heap base and to place the Java Heap above 4GB virtual address.
# This output file may be truncated or incomplete.
#
#  Out of Memory Error (allocation.cpp:389), pid=40752, tid=0x0000000000021964
#
# JRE version: OpenJDK Runtime Environment (8.0_242-b01) (build 1.8.0_242-release-1644-b01)
# Java VM: OpenJDK 64-Bit Server VM (25.242-b01 mixed mode windows-amd64 compressed oops)
# Failed to write core dump. Minidumps are not enabled by default on client versions of Windows
#

---------------  T H R E A D  ---------------

Current thread (0x0000000019e4f000):  JavaThread "C2 CompilerThread0" daemon [_thread_in_native, id=137572, stack(0x000000001a730000,0x000000001a830000)]

Stack: [0x000000001a730000,0x000000001a830000]
[error occurred during error reporting (printing stack bounds), id 0xc0000005]

Native frames: (J=compiled Java code, j=interpreted, Vv=VM code, C=native code)


Current CompileTask:
C2:  10048 8021       4       com.android.utils.XmlUtils::append (639 bytes)


---------------  P R O C E S S  ---------------

Java Threads: ( => current thread )
  0x0000000020f72800 JavaThread "MarlinRenderer Disposer" daemon [_thread_blocked, id=150712, stack(0x000000002ddb0000,0x000000002deb0000)]
  0x000000001f416800 JavaThread "Java2D Disposer" daemon [_thread_blocked, id=128012, stack(0x000000002dcb0000,0x000000002ddb0000)]
  0x000000001f415000 JavaThread "WorkerExecutor Queue Thread 8" [_thread_blocked, id=152012, stack(0x000000002d8d0000,0x000000002d9d0000)]
  0x000000001f414800 JavaThread "WorkerExecutor Queue Thread 7" [_thread_blocked, id=152488, stack(0x000000002d7d0000,0x000000002d8d0000)]
  0x000000001f411800 JavaThread "WorkerExecutor Queue Thread 6" [_thread_blocked, id=139136, stack(0x000000002d6d0000,0x000000002d7d0000)]
  0x000000001f418000 JavaThread "WorkerExecutor Queue Thread 5" [_thread_blocked, id=106944, stack(0x000000002d5d0000,0x000000002d6d0000)]
  0x000000001f416000 JavaThread "WorkerExecutor Queue Thread 4" [_thread_blocked, id=142428, stack(0x000000002d4d0000,0x000000002d5d0000)]
  0x000000001f413800 JavaThread "WorkerExecutor Queue Thread 3" [_thread_blocked, id=147080, stack(0x000000002d3d0000,0x000000002d4d0000)]
  0x000000001f417800 JavaThread "WorkerExecutor Queue Thread 2" [_thread_blocked, id=114132, stack(0x000000002d2d0000,0x000000002d3d0000)]
  0x000000001d0f6000 JavaThread "WorkerExecutor Queue" [_thread_blocked, id=82472, stack(0x000000002ced0000,0x000000002cfd0000)]
  0x000000001d0f6800 JavaThread "Cache worker for execution history cache (C:\Users\alexe\AndroidStudioProjects\MyApplication\.gradle\6.5\executionHistory)" [_thread_blocked, id=64540, stack(0x000000002cbd0000,0x000000002ccd0000)]
  0x000000001d0f7800 JavaThread "Execution worker for ':' Thread 7" [_thread_in_native, id=137948, stack(0x000000002cad0000,0x000000002cbd0000)]
  0x000000001d0f5000 JavaThread "Execution worker for ':' Thread 6" [_thread_blocked, id=151656, stack(0x000000002c9d0000,0x000000002cad0000)]
  0x000000001d0f4800 JavaThread "Execution worker for ':' Thread 5" [_thread_blocked, id=66172, stack(0x000000002c8d0000,0x000000002c9d0000)]
  0x000000001d0ed000 JavaThread "Execution worker for ':' Thread 4" [_thread_blocked, id=149852, stack(0x000000002c7d0000,0x000000002c8d0000)]
  0x000000001d0f3800 JavaThread "Execution worker for ':' Thread 3" [_thread_blocked, id=106212, stack(0x000000002c6d0000,0x000000002c7d0000)]
  0x000000001d0ec000 JavaThread "Execution worker for ':' Thread 2" [_thread_blocked, id=21464, stack(0x000000002c5d0000,0x000000002c6d0000)]
  0x000000001d0f3000 JavaThread "Execution worker for ':'" [_thread_blocked, id=107300, stack(0x000000002c4d0000,0x000000002c5d0000)]
  0x000000001d0eb800 JavaThread "Cache worker for file content cache (C:\Users\alexe\AndroidStudioProjects\MyApplication\.gradle\6.5\fileContent)" [_thread_blocked, id=107064, stack(0x000000002bfd0000,0x000000002c0d0000)]
  0x000000001d0f0000 JavaThread "Memory manager" [_thread_blocked, id=106736, stack(0x000000002bed0000,0x000000002bfd0000)]
  0x000000001d0f1800 JavaThread "Cache worker for Build Output Cleanup Cache (C:\Users\alexe\AndroidStudioProjects\MyApplication\.gradle\buildOutputCleanup)" [_thread_blocked, id=4092, stack(0x0000000029d30000,0x0000000029e30000)]
  0x000000001cc7f800 JavaThread "jar transforms Thread 92" [_thread_blocked, id=129920, stack(0x0000000029a30000,0x0000000029b30000)]
  0x000000001cc7f000 JavaThread "jar transforms Thread 91" [_thread_blocked, id=150536, stack(0x0000000029930000,0x0000000029a30000)]
  0x000000001cc7c000 JavaThread "jar transforms Thread 90" [_thread_blocked, id=152028, stack(0x0000000029830000,0x0000000029930000)]
  0x000000001cc80800 JavaThread "jar transforms Thread 89" [_thread_blocked, id=65876, stack(0x0000000029730000,0x0000000029830000)]
  0x000000001cc7e000 JavaThread "jar transforms Thread 88" [_thread_blocked, id=26924, stack(0x0000000029630000,0x0000000029730000)]
  0x000000001cc7b000 JavaThread "jar transforms Thread 87" [_thread_blocked, id=23608, stack(0x0000000029530000,0x0000000029630000)]
  0x000000001cc7c800 JavaThread "jar transforms Thread 86" [_thread_blocked, id=151780, stack(0x0000000029430000,0x0000000029530000)]
  0x000000001cc81000 JavaThread "jar transforms Thread 85" [_thread_blocked, id=70348, stack(0x0000000029330000,0x0000000029430000)]
  0x000000001cc7d800 JavaThread "jar transforms Thread 84" [_thread_blocked, id=150168, stack(0x0000000029230000,0x0000000029330000)]
  0x000000001cc73800 JavaThread "jar transforms Thread 83" [_thread_blocked, id=134464, stack(0x0000000029130000,0x0000000029230000)]
  0x000000001cc76800 JavaThread "jar transforms Thread 82" [_thread_blocked, id=66112, stack(0x0000000029030000,0x0000000029130000)]
  0x000000001cc7a800 JavaThread "jar transforms Thread 81" [_thread_blocked, id=150644, stack(0x0000000028f30000,0x0000000029030000)]
  0x000000001cc79800 JavaThread "jar transforms Thread 80" [_thread_blocked, id=151284, stack(0x0000000028e30000,0x0000000028f30000)]
  0x000000001cc76000 JavaThread "jar transforms Thread 79" [_thread_blocked, id=149668, stack(0x0000000028d30000,0x0000000028e30000)]
  0x000000001cc73000 JavaThread "jar transforms Thread 78" [_thread_blocked, id=150968, stack(0x0000000028c30000,0x0000000028d30000)]
  0x000000001cc79000 JavaThread "jar transforms Thread 77" [_thread_blocked, id=151700, stack(0x0000000028b30000,0x0000000028c30000)]
  0x000000001cc74800 JavaThread "jar transforms Thread 76" [_thread_blocked, id=150144, stack(0x0000000028a30000,0x0000000028b30000)]
  0x000000001cc72000 JavaThread "jar transforms Thread 75" [_thread_blocked, id=132316, stack(0x0000000028930000,0x0000000028a30000)]
  0x000000001cc75000 JavaThread "jar transforms Thread 74" [_thread_blocked, id=150468, stack(0x0000000028830000,0x0000000028930000)]
  0x000000001cc77800 JavaThread "jar transforms Thread 73" [_thread_blocked, id=107272, stack(0x0000000028730000,0x0000000028830000)]
  0x000000001cc78000 JavaThread "jar transforms Thread 72" [_thread_blocked, id=148672, stack(0x0000000028630000,0x0000000028730000)]
  0x000000001b13e000 JavaThread "jar transforms Thread 71" [_thread_blocked, id=150480, stack(0x0000000028530000,0x0000000028630000)]
  0x000000001b136800 JavaThread "jar transforms Thread 70" [_thread_blocked, id=60536, stack(0x0000000028430000,0x0000000028530000)]
  0x000000001b13b000 JavaThread "jar transforms Thread 69" [_thread_blocked, id=134688, stack(0x0000000028330000,0x0000000028430000)]
  0x000000001b13c000 JavaThread "jar transforms Thread 68" [_thread_blocked, id=150312, stack(0x0000000028230000,0x0000000028330000)]
  0x000000001b139800 JavaThread "jar transforms Thread 67" [_thread_blocked, id=133604, stack(0x0000000028130000,0x0000000028230000)]
  0x000000001b137800 JavaThread "jar transforms Thread 66" [_thread_blocked, id=150372, stack(0x0000000028030000,0x0000000028130000)]
  0x000000001b139000 JavaThread "jar transforms Thread 65" [_thread_blocked, id=102920, stack(0x0000000027f30000,0x0000000028030000)]
  0x000000001b138000 JavaThread "jar transforms Thread 64" [_thread_blocked, id=127756, stack(0x0000000027e30000,0x0000000027f30000)]
  0x000000001b13d800 JavaThread "jar transforms Thread 63" [_thread_blocked, id=140444, stack(0x0000000027d30000,0x0000000027e30000)]
  0x000000001b13c800 JavaThread "jar transforms Thread 62" [_thread_blocked, id=138172, stack(0x0000000027c30000,0x0000000027d30000)]
  0x000000001b13a800 JavaThread "jar transforms Thread 61" [_thread_blocked, id=148220, stack(0x0000000027b30000,0x0000000027c30000)]
  0x000000001b12f000 JavaThread "jar transforms Thread 60" [_thread_blocked, id=148892, stack(0x0000000027a30000,0x0000000027b30000)]
  0x000000001b136000 JavaThread "jar transforms Thread 59" [_thread_blocked, id=65836, stack(0x0000000027930000,0x0000000027a30000)]
  0x000000001b134800 JavaThread "jar transforms Thread 58" [_thread_blocked, id=145872, stack(0x0000000027830000,0x0000000027930000)]
  0x000000001b133800 JavaThread "jar transforms Thread 57" [_thread_blocked, id=4236, stack(0x0000000027730000,0x0000000027830000)]
  0x000000001b135000 JavaThread "jar transforms Thread 56" [_thread_blocked, id=152108, stack(0x0000000027630000,0x0000000027730000)]
  0x000000001b133000 JavaThread "jar transforms Thread 55" [_thread_blocked, id=148608, stack(0x0000000027530000,0x0000000027630000)]
  0x000000001b132000 JavaThread "jar transforms Thread 54" [_thread_blocked, id=128744, stack(0x0000000027430000,0x0000000027530000)]
  0x000000001b131800 JavaThread "jar transforms Thread 53" [_thread_blocked, id=148764, stack(0x0000000027330000,0x0000000027430000)]
  0x000000001b130800 JavaThread "jar transforms Thread 52" [_thread_blocked, id=146256, stack(0x0000000027230000,0x0000000027330000)]
  0x000000001b130000 JavaThread "jar transforms Thread 51" [_thread_blocked, id=60944, stack(0x0000000027130000,0x0000000027230000)]
  0x000000001b994800 JavaThread "jar transforms Thread 50" [_thread_blocked, id=146740, stack(0x0000000027030000,0x0000000027130000)]
  0x000000001b995800 JavaThread "jar transforms Thread 49" [_thread_blocked, id=150760, stack(0x0000000026f30000,0x0000000027030000)]
  0x000000001b997000 JavaThread "jar transforms Thread 48" [_thread_blocked, id=147364, stack(0x0000000026e30000,0x0000000026f30000)]
  0x000000001b994000 JavaThread "jar transforms Thread 47" [_thread_blocked, id=149556, stack(0x0000000026d30000,0x0000000026e30000)]
  0x000000001b999800 JavaThread "jar transforms Thread 46" [_thread_blocked, id=135424, stack(0x0000000026c30000,0x0000000026d30000)]
  0x000000001b998000 JavaThread "jar transforms Thread 45" [_thread_blocked, id=150408, stack(0x0000000026b30000,0x0000000026c30000)]
  0x000000001b998800 JavaThread "jar transforms Thread 44" [_thread_blocked, id=24768, stack(0x0000000026a30000,0x0000000026b30000)]
  0x000000001b996000 JavaThread "jar transforms Thread 43" [_thread_blocked, id=149616, stack(0x0000000026930000,0x0000000026a30000)]
  0x000000001b98c800 JavaThread "jar transforms Thread 42" [_thread_blocked, id=58384, stack(0x0000000026830000,0x0000000026930000)]
  0x000000001b993000 JavaThread "jar transforms Thread 41" [_thread_blocked, id=150904, stack(0x0000000026730000,0x0000000026830000)]
  0x000000001b992800 JavaThread "jar transforms Thread 40" [_thread_blocked, id=123068, stack(0x0000000026630000,0x0000000026730000)]
  0x000000001b991800 JavaThread "jar transforms Thread 39" [_thread_blocked, id=135656, stack(0x0000000026530000,0x0000000026630000)]
  0x000000001b98f800 JavaThread "jar transforms Thread 38" [_thread_blocked, id=149644, stack(0x0000000026430000,0x0000000026530000)]
  0x000000001b991000 JavaThread "jar transforms Thread 37" [_thread_blocked, id=151220, stack(0x0000000026330000,0x0000000026430000)]
  0x000000001b98b800 JavaThread "jar transforms Thread 36" [_thread_blocked, id=121092, stack(0x0000000026230000,0x0000000026330000)]
  0x000000001b98d000 JavaThread "jar transforms Thread 35" [_thread_blocked, id=152376, stack(0x0000000026130000,0x0000000026230000)]
  0x000000001b98a000 JavaThread "jar transforms Thread 34" [_thread_blocked, id=149052, stack(0x0000000026030000,0x0000000026130000)]
  0x000000001b98e800 JavaThread "jar transforms Thread 33" [_thread_blocked, id=149352, stack(0x0000000025f30000,0x0000000026030000)]
  0x000000001b98e000 JavaThread "jar transforms Thread 32" [_thread_blocked, id=56856, stack(0x0000000025e30000,0x0000000025f30000)]
  0x000000001b990000 JavaThread "jar transforms Thread 31" [_thread_blocked, id=128072, stack(0x0000000025d30000,0x0000000025e30000)]
  0x000000001b98b000 JavaThread "jar transforms Thread 30" [_thread_blocked, id=58232, stack(0x0000000025c30000,0x0000000025d30000)]
  0x0000000020143000 JavaThread "jar transforms Thread 29" [_thread_blocked, id=145668, stack(0x0000000025b30000,0x0000000025c30000)]
  0x0000000020142000 JavaThread "jar transforms Thread 28" [_thread_blocked, id=123184, stack(0x0000000025a30000,0x0000000025b30000)]
  0x0000000020140800 JavaThread "jar transforms Thread 27" [_thread_blocked, id=143476, stack(0x0000000025930000,0x0000000025a30000)]
  0x0000000020140000 JavaThread "jar transforms Thread 26" [_thread_blocked, id=135068, stack(0x0000000025830000,0x0000000025930000)]
  0x0000000020141800 JavaThread "jar transforms Thread 25" [_thread_blocked, id=137696, stack(0x0000000025730000,0x0000000025830000)]
  0x0000000020138800 JavaThread "jar transforms Thread 24" [_thread_blocked, id=150016, stack(0x0000000025630000,0x0000000025730000)]
  0x000000002013f000 JavaThread "jar transforms Thread 23" [_thread_blocked, id=151744, stack(0x0000000025530000,0x0000000025630000)]
  0x000000002013e800 JavaThread "jar transforms Thread 22" [_thread_blocked, id=151080, stack(0x0000000025430000,0x0000000025530000)]
  0x0000000020137000 JavaThread "jar transforms Thread 21" [_thread_blocked, id=146064, stack(0x0000000025330000,0x0000000025430000)]
  0x000000002013d000 JavaThread "jar transforms Thread 20" [_thread_blocked, id=136500, stack(0x0000000025230000,0x0000000025330000)]
  0x000000002013d800 JavaThread "jar transforms Thread 19" [_thread_blocked, id=147472, stack(0x0000000025130000,0x0000000025230000)]
  0x0000000020135800 JavaThread "jar transforms Thread 18" [_thread_blocked, id=12868, stack(0x0000000025030000,0x0000000025130000)]
  0x0000000020136000 JavaThread "jar transforms Thread 17" [_thread_blocked, id=123396, stack(0x0000000024f30000,0x0000000025030000)]
  0x000000002013c000 JavaThread "jar transforms Thread 16" [_thread_blocked, id=21396, stack(0x0000000024e30000,0x0000000024f30000)]
  0x0000000020134800 JavaThread "jar transforms Thread 15" [_thread_blocked, id=9528, stack(0x0000000024d30000,0x0000000024e30000)]
  0x000000002013b800 JavaThread "jar transforms Thread 14" [_thread_blocked, id=60800, stack(0x0000000024c30000,0x0000000024d30000)]
  0x000000002013a000 JavaThread "jar transforms Thread 13" [_thread_blocked, id=149492, stack(0x0000000024b30000,0x0000000024c30000)]
  0x000000002013a800 JavaThread "jar transforms Thread 12" [_thread_blocked, id=132452, stack(0x0000000024a30000,0x0000000024b30000)]
  0x0000000020137800 JavaThread "jar transforms Thread 11" [_thread_blocked, id=145140, stack(0x0000000024930000,0x0000000024a30000)]
  0x0000000020134000 JavaThread "jar transforms Thread 10" [_thread_blocked, id=137812, stack(0x0000000024830000,0x0000000024930000)]
  0x0000000020139000 JavaThread "jar transforms Thread 9" [_thread_blocked, id=149428, stack(0x0000000024730000,0x0000000024830000)]
  0x000000001d2c5800 JavaThread "jar transforms Thread 8" [_thread_blocked, id=128120, stack(0x0000000024630000,0x0000000024730000)]
  0x000000001d2c4000 JavaThread "jar transforms Thread 7" [_thread_blocked, id=151688, stack(0x0000000024530000,0x0000000024630000)]
  0x000000001d2c3800 JavaThread "jar transforms Thread 6" [_thread_blocked, id=149544, stack(0x0000000024430000,0x0000000024530000)]
  0x000000001d2c9800 JavaThread "jar transforms Thread 5" [_thread_blocked, id=149840, stack(0x0000000024330000,0x0000000024430000)]
  0x000000001d2c8800 JavaThread "jar transforms Thread 4" [_thread_blocked, id=149768, stack(0x0000000024230000,0x0000000024330000)]
  0x000000001d2c5000 JavaThread "jar transforms Thread 3" [_thread_blocked, id=151352, stack(0x0000000024130000,0x0000000024230000)]
  0x000000001d2c7000 JavaThread "jar transforms Thread 2" [_thread_blocked, id=70464, stack(0x0000000024030000,0x0000000024130000)]
  0x000000001d2c6800 JavaThread "Build operations Thread 8" [_thread_blocked, id=25160, stack(0x0000000023e30000,0x0000000023f30000)]
  0x000000001d2c8000 JavaThread "Build operations Thread 7" [_thread_blocked, id=152104, stack(0x0000000023d30000,0x0000000023e30000)]
  0x000000001d2bc000 JavaThread "Build operations Thread 6" [_thread_blocked, id=37700, stack(0x0000000023c30000,0x0000000023d30000)]
  0x000000001d2c2800 JavaThread "Build operations Thread 5" [_thread_blocked, id=143672, stack(0x0000000023b30000,0x0000000023c30000)]
  0x000000001d2c2000 JavaThread "Build operations Thread 4" [_thread_blocked, id=126876, stack(0x0000000023a30000,0x0000000023b30000)]
  0x000000001d2be000 JavaThread "Build operations Thread 3" [_thread_blocked, id=109804, stack(0x0000000023930000,0x0000000023a30000)]
  0x000000001d2bb000 JavaThread "Build operations Thread 2" [_thread_blocked, id=147144, stack(0x0000000023830000,0x0000000023930000)]
  0x000000001d2ba800 JavaThread "Build operations" [_thread_blocked, id=152084, stack(0x0000000023730000,0x0000000023830000)]
  0x000000001cb99800 JavaThread "Cache worker for file content cache (C:\Users\alexe\.gradle\caches\6.5\fileContent)" [_thread_blocked, id=103984, stack(0x0000000022060000,0x0000000022160000)]
  0x000000001cb9a800 JavaThread "jar transforms" [_thread_blocked, id=151948, stack(0x0000000021f60000,0x0000000022060000)]
  0x000000001cb97800 JavaThread "Cache worker for execution history cache (C:\Users\alexe\.gradle\caches\6.5\executionHistory)" [_thread_blocked, id=151712, stack(0x0000000021860000,0x0000000021960000)]
  0x000000001cb96800 JavaThread "Cache worker for cache directory md-rule (C:\Users\alexe\.gradle\caches\6.5\md-rule)" [_thread_blocked, id=65644, stack(0x0000000021760000,0x0000000021860000)]
  0x000000001cb99000 JavaThread "Cache worker for cache directory md-supplier (C:\Users\alexe\.gradle\caches\6.5\md-supplier)" [_thread_blocked, id=147840, stack(0x0000000021660000,0x0000000021760000)]
  0x000000001cb98000 JavaThread "Cache worker for checksums cache (C:\Users\alexe\AndroidStudioProjects\MyApplication\.gradle\checksums)" [_thread_blocked, id=128140, stack(0x0000000021000000,0x0000000021100000)]
  0x000000001cb96000 JavaThread "Cache worker for file hash cache (C:\Users\alexe\AndroidStudioProjects\MyApplication\.gradle\6.5\fileHashes)" [_thread_blocked, id=151840, stack(0x0000000021360000,0x0000000021460000)]
  0x000000001cb9b000 JavaThread "Cache worker for file hash cache (C:\Users\alexe\.gradle\caches\6.5\fileHashes)" [_thread_blocked, id=128128, stack(0x000000001ed60000,0x000000001ee60000)]
  0x000000001cb9d000 JavaThread "File lock request listener" [_thread_in_native, id=152504, stack(0x000000001ec60000,0x000000001ed60000)]
  0x0000000019f76800 JavaThread "Cache worker for journal cache (C:\Users\alexe\.gradle\caches\journal-1)" [_thread_blocked, id=103820, stack(0x000000001eb60000,0x000000001ec60000)]
  0x000000001c886800 JavaThread "Thread-9" [_thread_blocked, id=150248, stack(0x000000001e860000,0x000000001e960000)]
  0x000000001c890000 JavaThread "Stdin handler" [_thread_blocked, id=148952, stack(0x000000001e760000,0x000000001e860000)]
  0x000000001c88f000 JavaThread "Asynchronous log dispatcher for DefaultDaemonConnection: socket connection from /127.0.0.1:54988 to /127.0.0.1:54989" [_thread_blocked, id=139284, stack(0x000000001e660000,0x000000001e760000)]
  0x000000001c881800 JavaThread "Daemon worker" [_thread_blocked, id=27880, stack(0x000000001e560000,0x000000001e660000)]
  0x000000001c835800 JavaThread "Cancel handler" [_thread_blocked, id=60940, stack(0x000000001e460000,0x000000001e560000)]
  0x000000001c810800 JavaThread "Handler for socket connection from /127.0.0.1:54988 to /127.0.0.1:54989" [_thread_in_native, id=64904, stack(0x000000001e160000,0x000000001e260000)]
  0x000000001c810000 JavaThread "Daemon" [_thread_blocked, id=128088, stack(0x000000001e060000,0x000000001e160000)]
  0x000000001c804800 JavaThread "Daemon periodic checks" [_thread_blocked, id=152408, stack(0x000000001df60000,0x000000001e060000)]
  0x000000001c7ae800 JavaThread "Incoming local TCP Connector on port 54988" [_thread_in_native, id=152232, stack(0x000000001dd10000,0x000000001de10000)]
  0x000000001c6bf000 JavaThread "Daemon health stats" [_thread_blocked, id=149112, stack(0x000000001d6d0000,0x000000001d7d0000)]
  0x0000000019ee5800 JavaThread "Service Thread" daemon [_thread_blocked, id=147780, stack(0x000000001ab30000,0x000000001ac30000)]
  0x0000000019e5e800 JavaThread "C1 CompilerThread3" daemon [_thread_blocked, id=151316, stack(0x000000001aa30000,0x000000001ab30000)]
  0x0000000019e58800 JavaThread "C2 CompilerThread2" daemon [_thread_blocked, id=148484, stack(0x000000001a930000,0x000000001aa30000)]
  0x0000000019e56000 JavaThread "C2 CompilerThread1" daemon [_thread_blocked, id=150560, stack(0x000000001a830000,0x000000001a930000)]
=>0x0000000019e4f000 JavaThread "C2 CompilerThread0" daemon [_thread_in_native, id=137572, stack(0x000000001a730000,0x000000001a830000)]
  0x0000000019e4e000 JavaThread "Attach Listener" daemon [_thread_blocked, id=151632, stack(0x000000001a630000,0x000000001a730000)]
  0x0000000019e4d000 JavaThread "Signal Dispatcher" daemon [_thread_blocked, id=112508, stack(0x000000001a530000,0x000000001a630000)]
  0x0000000002fc8800 JavaThread "Finalizer" daemon [_thread_blocked, id=148440, stack(0x000000001a320000,0x000000001a420000)]
  0x000000001803c000 JavaThread "Reference Handler" daemon [_thread_blocked, id=137928, stack(0x000000001a220000,0x000000001a320000)]
  0x0000000002ece000 JavaThread "main" [_thread_blocked, id=148856, stack(0x0000000002da0000,0x0000000002ea0000)]

Other Threads:
  0x0000000018037800 VMThread [stack: 0x0000000019d20000,0x0000000019e20000] [id=146624]
  0x0000000019ef6000 WatcherThread [stack: 0x000000001ac30000,0x000000001ad30000] [id=106440]

VM state:not at safepoint (normal execution)

VM Mutex/Monitor currently owned by a thread: None

heap address: 0x0000000080000000, size: 2048 MB, Compressed Oops mode: 32-bit
Narrow klass base: 0x0000000000000000, Narrow klass shift: 3
Compressed class space size: 1073741824 Address: 0x0000000100000000

Heap:
 PSYoungGen      total 220672K, used 54683K [0x00000000d5580000, 0x00000000e7400000, 0x0000000100000000)
  eden space 202240K, 17% used [0x00000000d5580000,0x00000000d78eebd0,0x00000000e1b00000)
  from space 18432K, 99% used [0x00000000e1b00000,0x00000000e2cf8330,0x00000000e2d00000)
  to   space 22528K, 0% used [0x00000000e5e00000,0x00000000e5e00000,0x00000000e7400000)
 ParOldGen       total 211968K, used 45687K [0x0000000080000000, 0x000000008cf00000, 0x00000000d5580000)
  object space 211968K, 21% used [0x0000000080000000,0x0000000082c9df28,0x000000008cf00000)
 Metaspace       used 67412K, capacity 70526K, committed 70808K, reserved 1110016K
  class space    used 9209K, capacity 9822K, committed 9904K, reserved 1048576K

Card table byte_map: [0x0000000012390000,0x00000000127a0000] byte_map_base: 0x0000000011f90000

Marking Bits: (ParMarkBitMap*) 0x000000006545f030
 Begin Bits: [0x0000000013250000, 0x0000000015250000)
 End Bits:   [0x0000000015250000, 0x0000000017250000)

Polling page: 0x00000000014b0000

CodeCache: size=245760Kb used=23024Kb max_used=23031Kb free=222735Kb
 bounds [0x0000000002fd0000, 0x0000000004670000, 0x0000000011fd0000]
 total_blobs=7979 nmethods=7072 adapters=820
 compilation: enabled

Compilation events (10 events):
Event: 10.019 Thread 0x0000000019e5e800 8034   !   3       com.sun.org.apache.xerces.internal.parsers.DOMParser::getEntityResolver (60 bytes)
Event: 10.020 Thread 0x0000000019e5e800 nmethod 8034 0x0000000004663090 code [0x0000000004663280, 0x0000000004663dd8]
Event: 10.034 Thread 0x0000000019e5e800 8035       3       com.google.common.cache.LocalCache::expiresAfterWrite (15 bytes)
Event: 10.034 Thread 0x0000000019e5e800 nmethod 8035 0x0000000004662d10 code [0x0000000004662e60, 0x0000000004663010]
Event: 10.039 Thread 0x0000000019e56000 8036       4       com.google.common.collect.AbstractMapBasedMultimap$WrappedCollection$WrappedIterator::validateIterator (30 bytes)
Event: 10.039 Thread 0x0000000019e58800 8037       4       com.sun.org.apache.xerces.internal.dom.NodeImpl::setOwnerDocument (24 bytes)
Event: 10.040 Thread 0x0000000019e58800 nmethod 8037 0x00000000040ccf90 code [0x00000000040cd0c0, 0x00000000040cd178]
Event: 10.040 Thread 0x0000000019e56000 nmethod 8036 0x0000000004665a50 code [0x0000000004665ba0, 0x0000000004665cb8]
Event: 10.045 Thread 0x0000000019e5e800 8038       3       com.google.common.cache.LocalCache$Segment::drainRecencyQueue (45 bytes)
Event: 10.045 Thread 0x0000000019e5e800 nmethod 8038 0x00000000046650d0 code [0x0000000004665280, 0x0000000004665888]

GC Heap History (10 events):
Event: 5.653 GC heap before
{Heap before GC invocations=10 (full 2):
 PSYoungGen      total 117248K, used 105472K [0x00000000d5580000, 0x00000000e1980000, 0x0000000100000000)
  eden space 105472K, 100% used [0x00000000d5580000,0x00000000dbc80000,0x00000000dbc80000)
  from space 11776K, 0% used [0x00000000dbc80000,0x00000000dbc80000,0x00000000dc800000)
  to   space 11264K, 0% used [0x00000000e0e80000,0x00000000e0e80000,0x00000000e1980000)
 ParOldGen       total 138240K, used 14644K [0x0000000080000000, 0x0000000088700000, 0x00000000d5580000)
  object space 138240K, 10% used [0x0000000080000000,0x0000000080e4d2f8,0x0000000088700000)
 Metaspace       used 38503K, capacity 40200K, committed 40232K, reserved 1083392K
  class space    used 5315K, capacity 5654K, committed 5680K, reserved 1048576K
Event: 5.661 GC heap after
Heap after GC invocations=10 (full 2):
 PSYoungGen      total 166400K, used 8124K [0x00000000d5580000, 0x00000000e1680000, 0x0000000100000000)
  eden space 158208K, 0% used [0x00000000d5580000,0x00000000d5580000,0x00000000df000000)
  from space 8192K, 99% used [0x00000000e0e80000,0x00000000e166f318,0x00000000e1680000)
  to   space 10752K, 0% used [0x00000000e0180000,0x00000000e0180000,0x00000000e0c00000)
 ParOldGen       total 138240K, used 14652K [0x0000000080000000, 0x0000000088700000, 0x00000000d5580000)
  object space 138240K, 10% used [0x0000000080000000,0x0000000080e4f2f8,0x0000000088700000)
 Metaspace       used 38503K, capacity 40200K, committed 40232K, reserved 1083392K
  class space    used 5315K, capacity 5654K, committed 5680K, reserved 1048576K
}
Event: 7.002 GC heap before
{Heap before GC invocations=11 (full 2):
 PSYoungGen      total 166400K, used 166332K [0x00000000d5580000, 0x00000000e1680000, 0x0000000100000000)
  eden space 158208K, 100% used [0x00000000d5580000,0x00000000df000000,0x00000000df000000)
  from space 8192K, 99% used [0x00000000e0e80000,0x00000000e166f318,0x00000000e1680000)
  to   space 10752K, 0% used [0x00000000e0180000,0x00000000e0180000,0x00000000e0c00000)
 ParOldGen       total 138240K, used 14652K [0x0000000080000000, 0x0000000088700000, 0x00000000d5580000)
  object space 138240K, 10% used [0x0000000080000000,0x0000000080e4f2f8,0x0000000088700000)
 Metaspace       used 53919K, capacity 56186K, committed 56232K, reserved 1097728K
  class space    used 7334K, capacity 7823K, committed 7856K, reserved 1048576K
Event: 7.017 GC heap after
Heap after GC invocations=11 (full 2):
 PSYoungGen      total 186880K, used 10740K [0x00000000d5580000, 0x00000000e3e00000, 0x0000000100000000)
  eden space 176128K, 0% used [0x00000000d5580000,0x00000000d5580000,0x00000000e0180000)
  from space 10752K, 99% used [0x00000000e0180000,0x00000000e0bfd310,0x00000000e0c00000)
  to   space 17408K, 0% used [0x00000000e2d00000,0x00000000e2d00000,0x00000000e3e00000)
 ParOldGen       total 138240K, used 28500K [0x0000000080000000, 0x0000000088700000, 0x00000000d5580000)
  object space 138240K, 20% used [0x0000000080000000,0x0000000081bd52a0,0x0000000088700000)
 Metaspace       used 53919K, capacity 56186K, committed 56232K, reserved 1097728K
  class space    used 7334K, capacity 7823K, committed 7856K, reserved 1048576K
}
Event: 7.354 GC heap before
{Heap before GC invocations=12 (full 2):
 PSYoungGen      total 186880K, used 49592K [0x00000000d5580000, 0x00000000e3e00000, 0x0000000100000000)
  eden space 176128K, 22% used [0x00000000d5580000,0x00000000d7b70ea8,0x00000000e0180000)
  from space 10752K, 99% used [0x00000000e0180000,0x00000000e0bfd310,0x00000000e0c00000)
  to   space 17408K, 0% used [0x00000000e2d00000,0x00000000e2d00000,0x00000000e3e00000)
 ParOldGen       total 138240K, used 28500K [0x0000000080000000, 0x0000000088700000, 0x00000000d5580000)
  object space 138240K, 20% used [0x0000000080000000,0x0000000081bd52a0,0x0000000088700000)
 Metaspace       used 56738K, capacity 59090K, committed 59160K, reserved 1099776K
  class space    used 7772K, capacity 8216K, committed 8240K, reserved 1048576K
Event: 7.368 GC heap after
Heap after GC invocations=12 (full 2):
 PSYoungGen      total 219648K, used 14769K [0x00000000d5580000, 0x00000000e5e00000, 0x0000000100000000)
  eden space 202240K, 0% used [0x00000000d5580000,0x00000000d5580000,0x00000000e1b00000)
  from space 17408K, 84% used [0x00000000e2d00000,0x00000000e3b6c730,0x00000000e3e00000)
  to   space 18432K, 0% used [0x00000000e1b00000,0x00000000e1b00000,0x00000000e2d00000)
 ParOldGen       total 138240K, used 28500K [0x0000000080000000, 0x0000000088700000, 0x00000000d5580000)
  object space 138240K, 20% used [0x0000000080000000,0x0000000081bd52a0,0x0000000088700000)
 Metaspace       used 56738K, capacity 59090K, committed 59160K, reserved 1099776K
  class space    used 7772K, capacity 8216K, committed 8240K, reserved 1048576K
}
Event: 7.368 GC heap before
{Heap before GC invocations=13 (full 3):
 PSYoungGen      total 219648K, used 14769K [0x00000000d5580000, 0x00000000e5e00000, 0x0000000100000000)
  eden space 202240K, 0% used [0x00000000d5580000,0x00000000d5580000,0x00000000e1b00000)
  from space 17408K, 84% used [0x00000000e2d00000,0x00000000e3b6c730,0x00000000e3e00000)
  to   space 18432K, 0% used [0x00000000e1b00000,0x00000000e1b00000,0x00000000e2d00000)
 ParOldGen       total 138240K, used 28500K [0x0000000080000000, 0x0000000088700000, 0x00000000d5580000)
  object space 138240K, 20% used [0x0000000080000000,0x0000000081bd52a0,0x0000000088700000)
 Metaspace       used 56738K, capacity 59090K, committed 59160K, reserved 1099776K
  class space    used 7772K, capacity 8216K, committed 8240K, reserved 1048576K
Event: 7.515 GC heap after
Heap after GC invocations=13 (full 3):
 PSYoungGen      total 219648K, used 0K [0x00000000d5580000, 0x00000000e5e00000, 0x0000000100000000)
  eden space 202240K, 0% used [0x00000000d5580000,0x00000000d5580000,0x00000000e1b00000)
  from space 17408K, 0% used [0x00000000e2d00000,0x00000000e2d00000,0x00000000e3e00000)
  to   space 18432K, 0% used [0x00000000e1b00000,0x00000000e1b00000,0x00000000e2d00000)
 ParOldGen       total 211968K, used 39977K [0x0000000080000000, 0x000000008cf00000, 0x00000000d5580000)
  object space 211968K, 18% used [0x0000000080000000,0x000000008270a7b8,0x000000008cf00000)
 Metaspace       used 56704K, capacity 58976K, committed 59160K, reserved 1099776K
  class space    used 7761K, capacity 8197K, committed 8240K, reserved 1048576K
}
Event: 9.621 GC heap before
{Heap before GC invocations=14 (full 3):
 PSYoungGen      total 219648K, used 202240K [0x00000000d5580000, 0x00000000e5e00000, 0x0000000100000000)
  eden space 202240K, 100% used [0x00000000d5580000,0x00000000e1b00000,0x00000000e1b00000)
  from space 17408K, 0% used [0x00000000e2d00000,0x00000000e2d00000,0x00000000e3e00000)
  to   space 18432K, 0% used [0x00000000e1b00000,0x00000000e1b00000,0x00000000e2d00000)
 ParOldGen       total 211968K, used 39977K [0x0000000080000000, 0x000000008cf00000, 0x00000000d5580000)
  object space 211968K, 18% used [0x0000000080000000,0x000000008270a7b8,0x000000008cf00000)
 Metaspace       used 64671K, capacity 67722K, committed 67864K, reserved 1107968K
  class space    used 8932K, capacity 9508K, committed 9520K, reserved 1048576K
Event: 9.638 GC heap after
Heap after GC invocations=14 (full 3):
 PSYoungGen      total 220672K, used 18400K [0x00000000d5580000, 0x00000000e7400000, 0x0000000100000000)
  eden space 202240K, 0% used [0x00000000d5580000,0x00000000d5580000,0x00000000e1b00000)
  from space 18432K, 99% used [0x00000000e1b00000,0x00000000e2cf8330,0x00000000e2d00000)
  to   space 22528K, 0% used [0x00000000e5e00000,0x00000000e5e00000,0x00000000e7400000)
 ParOldGen       total 211968K, used 45687K [0x0000000080000000, 0x000000008cf00000, 0x00000000d5580000)
  object space 211968K, 21% used [0x0000000080000000,0x0000000082c9df28,0x000000008cf00000)
 Metaspace       used 64671K, capacity 67722K, committed 67864K, reserved 1107968K
  class space    used 8932K, capacity 9508K, committed 9520K, reserved 1048576K
}

Deoptimization events (10 events):
Event: 9.713 Thread 0x000000001d0f7800 Uncommon trap: reason=bimorphic action=maybe_recompile pc=0x00000000043875a0 method=com.sun.org.apache.xerces.internal.dom.CoreDocumentImpl.isKidOK(Lorg/w3c/dom/Node;Lorg/w3c/dom/Node;)Z @ 39
Event: 9.713 Thread 0x000000001d0f7800 Uncommon trap: reason=bimorphic action=maybe_recompile pc=0x000000000438cdf8 method=com.sun.org.apache.xerces.internal.dom.CoreDocumentImpl.isKidOK(Lorg/w3c/dom/Node;Lorg/w3c/dom/Node;)Z @ 39
Event: 9.718 Thread 0x000000001d0f7800 Uncommon trap: reason=bimorphic action=maybe_recompile pc=0x00000000043e5bac method=com.sun.org.apache.xerces.internal.dom.AttributeMap.setNamedItem(Lorg/w3c/dom/Node;)Lorg/w3c/dom/Node; @ 4
Event: 9.719 Thread 0x000000001d0f7800 Uncommon trap: reason=bimorphic action=maybe_recompile pc=0x00000000043e5bac method=com.sun.org.apache.xerces.internal.dom.AttributeMap.setNamedItem(Lorg/w3c/dom/Node;)Lorg/w3c/dom/Node; @ 4
Event: 9.722 Thread 0x000000001d0f7800 Uncommon trap: reason=unstable_if action=reinterpret pc=0x00000000043d1c60 method=com.sun.org.apache.xerces.internal.dom.ParentNode.nodeListItem(I)Lorg/w3c/dom/Node; @ 76
Event: 9.740 Thread 0x000000001d0f6000 Uncommon trap: reason=unstable_if action=reinterpret pc=0x0000000003c57ce4 method=java.io.WinNTFileSystem.prefixLength(Ljava/lang/String;)I @ 42
Event: 9.743 Thread 0x000000001d0f7800 Uncommon trap: reason=unstable_if action=reinterpret pc=0x000000000347ee08 method=sun.nio.cs.UTF_8$Encoder.encodeArrayLoop(Ljava/nio/CharBuffer;Ljava/nio/ByteBuffer;)Ljava/nio/charset/CoderResult; @ 113
Event: 9.753 Thread 0x000000001d0f7800 Uncommon trap: reason=bimorphic action=maybe_recompile pc=0x00000000043e5bac method=com.sun.org.apache.xerces.internal.dom.AttributeMap.setNamedItem(Lorg/w3c/dom/Node;)Lorg/w3c/dom/Node; @ 4
Event: 9.756 Thread 0x000000001d0f7800 Uncommon trap: reason=bimorphic action=maybe_recompile pc=0x00000000043e5bac method=com.sun.org.apache.xerces.internal.dom.AttributeMap.setNamedItem(Lorg/w3c/dom/Node;)Lorg/w3c/dom/Node; @ 4
Event: 9.992 Thread 0x000000001d0f7800 Uncommon trap: reason=null_check action=make_not_entrant pc=0x00000000046561ec method=com.android.ide.common.resources.NodeUtils.processSingleNodeNamespace(Lorg/w3c/dom/Node;Lorg/w3c/dom/Document;)Z @ 8

Classes redefined (0 events):
No events

Internal exceptions (10 events):
Event: 9.666 Thread 0x000000001d0f7800 Exception <a 'java/lang/NoSuchMethodError': <clinit>> (0x00000000d5a15608) thrown at [C:\src\AOSP-openjdk-git\hotspot\src\share\vm\prims\jni.cpp, line 1615]
Event: 9.666 Thread 0x000000001d0f7800 Exception <a 'java/lang/NoSuchMethodError': <clinit>> (0x00000000d5a18c88) thrown at [C:\src\AOSP-openjdk-git\hotspot\src\share\vm\prims\jni.cpp, line 1615]
Event: 9.667 Thread 0x000000001d0f7800 Exception <a 'java/lang/NoSuchMethodError': <clinit>> (0x00000000d5a30528) thrown at [C:\src\AOSP-openjdk-git\hotspot\src\share\vm\prims\jni.cpp, line 1615]
Event: 9.668 Thread 0x000000001d0f7800 Exception <a 'java/lang/NoSuchMethodError': <clinit>> (0x00000000d5a45f38) thrown at [C:\src\AOSP-openjdk-git\hotspot\src\share\vm\prims\jni.cpp, line 1615]
Event: 9.669 Thread 0x000000001d0f7800 Exception <a 'java/lang/NoSuchMethodError': <clinit>> (0x00000000d5a633c8) thrown at [C:\src\AOSP-openjdk-git\hotspot\src\share\vm\prims\jni.cpp, line 1615]
Event: 9.670 Thread 0x000000001d0f7800 Exception <a 'java/lang/NoSuchMethodError': <clinit>> (0x00000000d5a76640) thrown at [C:\src\AOSP-openjdk-git\hotspot\src\share\vm\prims\jni.cpp, line 1615]
Event: 9.694 Thread 0x000000001d0f7800 Exception <a 'java/lang/NoSuchMethodError': <clinit>> (0x00000000d5e11ae0) thrown at [C:\src\AOSP-openjdk-git\hotspot\src\share\vm\prims\jni.cpp, line 1615]
Event: 9.720 Thread 0x000000001d0f6000 Exception <a 'java/io/FileNotFoundException'> (0x00000000d61aed88) thrown at [C:\src\AOSP-openjdk-git\hotspot\src\share\vm\prims\jni.cpp, line 710]
Event: 9.741 Thread 0x000000001d0f6000 Exception <a 'java/io/FileNotFoundException'> (0x00000000d672dc30) thrown at [C:\src\AOSP-openjdk-git\hotspot\src\share\vm\prims\jni.cpp, line 710]
Event: 9.992 Thread 0x000000001d0f7800 Implicit null exception at 0x000000000465583b to 0x00000000046561dd

Events (10 events):
Event: 9.894 Thread 0x0000000019e5e800 flushing nmethod 0x000000000400ed50
Event: 9.894 Thread 0x000000001d0f7800 DEOPT PACKING pc=0x00000000045b4833 sp=0x000000002cbca9b0
Event: 9.894 Thread 0x000000001d0f7800 DEOPT UNPACKING pc=0x00000000030171d0 sp=0x000000002cbca7a0 mode 0
Event: 9.894 Thread 0x0000000019e5e800 flushing nmethod 0x00000000040ccf90
Event: 9.894 Thread 0x0000000019e5e800 flushing nmethod 0x000000000411e490
Event: 9.901 Thread 0x000000001d0f7800 DEOPT PACKING pc=0x00000000045b4833 sp=0x000000002cbca9b0
Event: 9.901 Thread 0x000000001d0f7800 DEOPT UNPACKING pc=0x00000000030171d0 sp=0x000000002cbca7a0 mode 0
Event: 9.992 Thread 0x000000001d0f7800 Uncommon trap: trap_request=0xfffffff4 fr.pc=0x00000000046561ec
Event: 9.992 Thread 0x000000001d0f7800 DEOPT PACKING pc=0x00000000046561ec sp=0x000000002cbcaea0
Event: 9.992 Thread 0x000000001d0f7800 DEOPT UNPACKING pc=0x000000000301557b sp=0x000000002cbcae70 mode 2


Dynamic libraries:
0x00007ff6af270000 - 0x00007ff6af2a1000 	C:\Program Files\Android\Android Studio\jre\bin\java.exe
0x00007fff10910000 - 0x00007fff10b05000 	C:\Windows\SYSTEM32\ntdll.dll
0x00007fff10040000 - 0x00007fff100fe000 	C:\Windows\System32\KERNEL32.DLL
0x00007fff0e3a0000 - 0x00007fff0e669000 	C:\Windows\System32\KERNELBASE.dll
0x00007fff106a0000 - 0x00007fff1074c000 	C:\Windows\System32\ADVAPI32.dll
0x00007fff0f810000 - 0x00007fff0f8ae000 	C:\Windows\System32\msvcrt.dll
0x00007fff104a0000 - 0x00007fff1053b000 	C:\Windows\System32\sechost.dll
0x00007fff0f6e0000 - 0x00007fff0f80a000 	C:\Windows\System32\RPCRT4.dll
0x00007fff0e960000 - 0x00007fff0eb01000 	C:\Windows\System32\USER32.dll
0x00007fff0e030000 - 0x00007fff0e052000 	C:\Windows\System32\win32u.dll
0x00007fff10540000 - 0x00007fff1056b000 	C:\Windows\System32\GDI32.dll
0x00007fff0e060000 - 0x00007fff0e16b000 	C:\Windows\System32\gdi32full.dll
0x00007fff0e300000 - 0x00007fff0e39d000 	C:\Windows\System32\msvcp_win.dll
0x00007fff0e780000 - 0x00007fff0e880000 	C:\Windows\System32\ucrtbase.dll
0x00007ffefccc0000 - 0x00007ffefcf5a000 	C:\Windows\WinSxS\amd64_microsoft.windows.common-controls_6595b64144ccf1df_6.0.19041.1110_none_60b5254171f9507e\COMCTL32.dll
0x00007fff10330000 - 0x00007fff10360000 	C:\Windows\System32\IMM32.DLL
0x0000000064ad0000 - 0x0000000064ba2000 	C:\Program Files\Android\Android Studio\jre\jre\bin\msvcr100.dll
0x0000000064c90000 - 0x00000000654db000 	C:\Program Files\Android\Android Studio\jre\jre\bin\server\jvm.dll
0x00007fff0f9a0000 - 0x00007fff0f9a8000 	C:\Windows\System32\PSAPI.DLL
0x00007fff045e0000 - 0x00007fff045e9000 	C:\Windows\SYSTEM32\WSOCK32.dll
0x00007fff0db40000 - 0x00007fff0db4a000 	C:\Windows\SYSTEM32\VERSION.dll
0x00007fff00c60000 - 0x00007fff00c87000 	C:\Windows\SYSTEM32\WINMM.dll
0x00007fff0ef30000 - 0x00007fff0ef9b000 	C:\Windows\System32\WS2_32.dll
0x00007fff09be0000 - 0x00007fff09bef000 	C:\Program Files\Android\Android Studio\jre\jre\bin\verify.dll
0x00007ffefc110000 - 0x00007ffefc139000 	C:\Program Files\Android\Android Studio\jre\jre\bin\java.dll
0x00007ffef51f0000 - 0x00007ffef5206000 	C:\Program Files\Android\Android Studio\jre\jre\bin\zip.dll
0x00007fff0efa0000 - 0x00007fff0f6df000 	C:\Windows\System32\SHELL32.dll
0x00007fff0bdd0000 - 0x00007fff0c560000 	C:\Windows\SYSTEM32\windows.storage.dll
0x00007fff0eb70000 - 0x00007fff0eec5000 	C:\Windows\System32\combase.dll
0x00007fff0d9a0000 - 0x00007fff0d9cc000 	C:\Windows\SYSTEM32\Wldp.dll
0x00007fff0fe30000 - 0x00007fff0fede000 	C:\Windows\System32\SHCORE.dll
0x00007fff10870000 - 0x00007fff108c5000 	C:\Windows\System32\shlwapi.dll
0x00007fff0df70000 - 0x00007fff0df8f000 	C:\Windows\SYSTEM32\profapi.dll
0x00007ffef3800000 - 0x00007ffef381a000 	C:\Program Files\Android\Android Studio\jre\jre\bin\net.dll
0x00007fff0d6a0000 - 0x00007fff0d70a000 	C:\Windows\system32\mswsock.dll
0x00007ffeef2c0000 - 0x00007ffeef2d3000 	C:\Program Files\Android\Android Studio\jre\jre\bin\nio.dll
0x00007ffefba50000 - 0x00007ffefba77000 	C:\Users\alexe\.gradle\native\f6784746aeab05261644944871eae4fe03e0ef1612fff0a4a95f87b438bc6780\windows-amd64\native-platform.dll
0x00007fff083d0000 - 0x00007fff083dd000 	C:\Program Files\Android\Android Studio\jre\jre\bin\management.dll
0x00007fff0d8f0000 - 0x00007fff0d908000 	C:\Windows\SYSTEM32\CRYPTSP.dll
0x00007fff0d020000 - 0x00007fff0d054000 	C:\Windows\system32\rsaenh.dll
0x00007fff0e170000 - 0x00007fff0e197000 	C:\Windows\System32\bcrypt.dll
0x00007fff0def0000 - 0x00007fff0df1e000 	C:\Windows\SYSTEM32\USERENV.dll
0x00007fff0e8d0000 - 0x00007fff0e953000 	C:\Windows\System32\bcryptprimitives.dll
0x00007fff0d910000 - 0x00007fff0d91c000 	C:\Windows\SYSTEM32\CRYPTBASE.dll
0x00007fff0d390000 - 0x00007fff0d3cb000 	C:\Windows\SYSTEM32\IPHLPAPI.DLL
0x00007fff0f990000 - 0x00007fff0f998000 	C:\Windows\System32\NSI.dll
0x00007fff06ca0000 - 0x00007fff06cb7000 	C:\Windows\SYSTEM32\dhcpcsvc6.DLL
0x00007fff070d0000 - 0x00007fff070ed000 	C:\Windows\SYSTEM32\dhcpcsvc.DLL
0x00007fff0d3d0000 - 0x00007fff0d49c000 	C:\Windows\SYSTEM32\DNSAPI.dll
0x00007fff08dc0000 - 0x00007fff08dcb000 	C:\Windows\SYSTEM32\WINNSI.DLL
0x00007ffee73a0000 - 0x00007ffee753c000 	C:\Program Files\Android\Android Studio\jre\jre\bin\awt.dll
0x00007fff0fee0000 - 0x00007fff0ffad000 	C:\Windows\System32\OLEAUT32.dll
0x00007fff0bac0000 - 0x00007fff0baef000 	C:\Windows\SYSTEM32\dwmapi.dll
0x00007fff0a2b0000 - 0x00007fff0a870000 	C:\Windows\SYSTEM32\d2d1.dll
0x00007fff0b660000 - 0x00007fff0b6f0000 	C:\Windows\SYSTEM32\apphelp.dll
0x00007fff0b730000 - 0x00007fff0b7ce000 	C:\Windows\system32\uxtheme.dll

VM Arguments:
jvm_args: -Xmx2048m -Dfile.encoding=UTF-8 -Duser.country=RU -Duser.language=ru -Duser.variant 
java_command: org.gradle.launcher.daemon.bootstrap.GradleDaemon 6.5
java_class_path (initial): C:\Users\alexe\.gradle\wrapper\dists\gradle-6.5-bin\6nifqtx7604sqp1q6g8wikw7p\gradle-6.5\lib\gradle-launcher-6.5.jar
Launcher Type: SUN_STANDARD

Environment Variables:
PATH=C:\Program Files\Common Files\Oracle\Java\javapath;C:\Windows\system32;C:\Windows;C:\Windows\System32\Wbem;C:\Windows\System32\WindowsPowerShell\v1.0\;C:\Windows\System32\OpenSSH\;C:\Users\alexe\AppData\Local\Microsoft\WindowsApps;
USERNAME=alexe
OS=Windows_NT
PROCESSOR_IDENTIFIER=AMD64 Family 23 Model 96 Stepping 1, AuthenticAMD



---------------  S Y S T E M  ---------------

OS: Windows 10.0 , 64 bit Build 19041 (10.0.19041.1202)

CPU:total 8 (initial active 8) (8 cores per cpu, 1 threads per core) family 23 model 96 stepping 1, cmov, cx8, fxsr, mmx, sse, sse2, sse3, ssse3, sse4.1, sse4.2, popcnt, avx, avx2, aes, clmul, mmxext, 3dnowpref, lzcnt, sse4a, tsc, tscinvbit, tscinv, bmi1

Memory: 4k page, physical 16170380k(2109516k free), swap 16170380k(1748k free)

vm_info: OpenJDK 64-Bit Server VM (25.242-b01) for windows-amd64 JRE (1.8.0_242-release-1644-b01), built by "builder" with MS VC++ 10.0 (VS2010)

time: Mon Oct 18 23:01:09 2021
timezone: RTZ 2 (зима)
elapsed time: 10 seconds (0d 0h 0m 10s)

