#
# There is insufficient memory for the Java Runtime Environment to continue.
# Native memory allocation (malloc) failed to allocate 98576 bytes for Chunk::new
# Possible reasons:
#   The system is out of physical RAM or swap space
#   The process is running with CompressedOops enabled, and the Java Heap may be blocking the growth of the native heap
# Possible solutions:
#   Reduce memory load on the system
#   Increase physical memory or swap space
#   Check if swap backing store is full
#   Decrease Java heap size (-Xmx/-Xms)
#   Decrease number of Java threads
#   Decrease Java thread stack sizes (-Xss)
#   Set larger code cache with -XX:ReservedCodeCacheSize=
#   JVM is running with Unscaled Compressed Oops mode in which the Java heap is
#     placed in the first 4GB address space. The Java Heap base address is the
#     maximum limit for the native heap growth. Please use -XX:HeapBaseMinAddress
#     to set the Java Heap base and to place the Java Heap above 4GB virtual address.
# This output file may be truncated or incomplete.
#
#  Out of Memory Error (allocation.cpp:389), pid=14728, tid=0x0000000000003e70
#
# JRE version: OpenJDK Runtime Environment (8.0_242-b01) (build 1.8.0_242-release-1644-b01)
# Java VM: OpenJDK 64-Bit Server VM (25.242-b01 mixed mode windows-amd64 compressed oops)
# Failed to write core dump. Minidumps are not enabled by default on client versions of Windows
#

---------------  T H R E A D  ---------------

Current thread (0x000000001772a000):  JavaThread "C2 CompilerThread1" daemon [_thread_in_native, id=15984, stack(0x0000000019f10000,0x000000001a010000)]

Stack: [0x0000000019f10000,0x000000001a010000]
[error occurred during error reporting (printing stack bounds), id 0xc0000005]

Native frames: (J=compiled Java code, j=interpreted, Vv=VM code, C=native code)


Current CompileTask:
C2:  15549 5022       4       java.lang.AbstractStringBuilder::append (54 bytes)


---------------  P R O C E S S  ---------------

Java Threads: ( => current thread )
  0x000000001c60b000 JavaThread "Cache worker for file content cache (C:\Users\alexe\AndroidStudioProjects\MyApplication\.gradle\6.5\fileContent)" [_thread_blocked, id=5064, stack(0x000000002ac30000,0x000000002ad30000)]
  0x000000001c603800 JavaThread "Memory manager" [_thread_blocked, id=14660, stack(0x0000000028b30000,0x0000000028c30000)]
  0x000000001c605000 JavaThread "Cache worker for Build Output Cleanup Cache (C:\Users\alexe\AndroidStudioProjects\MyApplication\.gradle\buildOutputCleanup)" [_thread_blocked, id=14892, stack(0x0000000028430000,0x0000000028530000)]
  0x000000001c605800 JavaThread "jar transforms Thread 92" [_thread_blocked, id=11496, stack(0x0000000028130000,0x0000000028230000)]
  0x000000001c609800 JavaThread "jar transforms Thread 91" [_thread_blocked, id=9724, stack(0x0000000028030000,0x0000000028130000)]
  0x000000001c469800 JavaThread "jar transforms Thread 90" [_thread_blocked, id=13636, stack(0x0000000027f30000,0x0000000028030000)]
  0x000000001c46a800 JavaThread "jar transforms Thread 89" [_thread_blocked, id=15808, stack(0x0000000027e30000,0x0000000027f30000)]
  0x000000001c469000 JavaThread "jar transforms Thread 88" [_thread_blocked, id=6360, stack(0x0000000027d30000,0x0000000027e30000)]
  0x000000001c468000 JavaThread "jar transforms Thread 87" [_thread_blocked, id=15732, stack(0x0000000027c30000,0x0000000027d30000)]
  0x000000001c466800 JavaThread "jar transforms Thread 86" [_thread_blocked, id=12704, stack(0x0000000027b30000,0x0000000027c30000)]
  0x000000001c467800 JavaThread "jar transforms Thread 85" [_thread_blocked, id=14004, stack(0x0000000027a30000,0x0000000027b30000)]
  0x000000001c46b000 JavaThread "jar transforms Thread 84" [_thread_blocked, id=10720, stack(0x0000000027930000,0x0000000027a30000)]
  0x000000001c46c000 JavaThread "jar transforms Thread 83" [_thread_blocked, id=9700, stack(0x0000000027830000,0x0000000027930000)]
  0x000000001c46c800 JavaThread "jar transforms Thread 82" [_thread_blocked, id=16364, stack(0x0000000027730000,0x0000000027830000)]
  0x000000001c45f000 JavaThread "jar transforms Thread 81" [_thread_blocked, id=8820, stack(0x0000000027630000,0x0000000027730000)]
  0x000000001c466000 JavaThread "jar transforms Thread 80" [_thread_blocked, id=940, stack(0x0000000027530000,0x0000000027630000)]
  0x000000001c45e000 JavaThread "jar transforms Thread 79" [_thread_blocked, id=15844, stack(0x0000000027430000,0x0000000027530000)]
  0x000000001c465000 JavaThread "jar transforms Thread 78" [_thread_blocked, id=16196, stack(0x0000000027330000,0x0000000027430000)]
  0x000000001c463800 JavaThread "jar transforms Thread 77" [_thread_blocked, id=6304, stack(0x0000000027230000,0x0000000027330000)]
  0x000000001c462800 JavaThread "jar transforms Thread 76" [_thread_blocked, id=14520, stack(0x0000000027130000,0x0000000027230000)]
  0x000000001c460800 JavaThread "jar transforms Thread 75" [_thread_blocked, id=15744, stack(0x0000000027030000,0x0000000027130000)]
  0x000000001c45d800 JavaThread "jar transforms Thread 74" [_thread_blocked, id=9488, stack(0x0000000026f30000,0x0000000027030000)]
  0x000000001c462000 JavaThread "jar transforms Thread 73" [_thread_blocked, id=14120, stack(0x0000000026e30000,0x0000000026f30000)]
  0x000000001c461000 JavaThread "jar transforms Thread 72" [_thread_blocked, id=15972, stack(0x0000000026d30000,0x0000000026e30000)]
  0x000000001c45f800 JavaThread "jar transforms Thread 71" [_thread_blocked, id=13704, stack(0x0000000026c30000,0x0000000026d30000)]
  0x000000001c464800 JavaThread "jar transforms Thread 70" [_thread_blocked, id=3156, stack(0x0000000026b30000,0x0000000026c30000)]
  0x000000001f747800 JavaThread "jar transforms Thread 69" [_thread_blocked, id=16284, stack(0x0000000026a30000,0x0000000026b30000)]
  0x000000001f746800 JavaThread "jar transforms Thread 68" [_thread_blocked, id=14528, stack(0x0000000026930000,0x0000000026a30000)]
  0x000000001f740000 JavaThread "jar transforms Thread 67" [_thread_blocked, id=6180, stack(0x0000000026830000,0x0000000026930000)]
  0x000000001f746000 JavaThread "jar transforms Thread 66" [_thread_blocked, id=15556, stack(0x0000000026730000,0x0000000026830000)]
  0x000000001f744800 JavaThread "jar transforms Thread 65" [_thread_blocked, id=4372, stack(0x0000000026630000,0x0000000026730000)]
  0x000000001f745000 JavaThread "jar transforms Thread 64" [_thread_blocked, id=2316, stack(0x0000000026530000,0x0000000026630000)]
  0x000000001f743800 JavaThread "jar transforms Thread 63" [_thread_blocked, id=4736, stack(0x0000000026430000,0x0000000026530000)]
  0x000000001f743000 JavaThread "jar transforms Thread 62" [_thread_blocked, id=16116, stack(0x0000000026330000,0x0000000026430000)]
  0x000000001f73d800 JavaThread "jar transforms Thread 61" [_thread_blocked, id=14904, stack(0x0000000026230000,0x0000000026330000)]
  0x000000001f742000 JavaThread "jar transforms Thread 60" [_thread_blocked, id=14328, stack(0x0000000026130000,0x0000000026230000)]
  0x000000001f741800 JavaThread "jar transforms Thread 59" [_thread_blocked, id=8032, stack(0x0000000026030000,0x0000000026130000)]
  0x000000001f73e800 JavaThread "jar transforms Thread 58" [_thread_blocked, id=1476, stack(0x0000000025f30000,0x0000000026030000)]
  0x000000001f740800 JavaThread "jar transforms Thread 57" [_thread_blocked, id=14368, stack(0x0000000025e30000,0x0000000025f30000)]
  0x000000001f738800 JavaThread "jar transforms Thread 56" [_thread_blocked, id=3820, stack(0x0000000025d30000,0x0000000025e30000)]
  0x000000001f739000 JavaThread "jar transforms Thread 55" [_thread_blocked, id=16104, stack(0x0000000025c30000,0x0000000025d30000)]
  0x000000001f73d000 JavaThread "jar transforms Thread 54" [_thread_blocked, id=1040, stack(0x0000000025b30000,0x0000000025c30000)]
  0x000000001f73c000 JavaThread "jar transforms Thread 53" [_thread_blocked, id=16236, stack(0x0000000025a30000,0x0000000025b30000)]
  0x000000001f73a800 JavaThread "jar transforms Thread 52" [_thread_blocked, id=7200, stack(0x0000000025930000,0x0000000025a30000)]
  0x000000001f73b800 JavaThread "jar transforms Thread 51" [_thread_blocked, id=13540, stack(0x0000000025830000,0x0000000025930000)]
  0x000000001f73f000 JavaThread "jar transforms Thread 50" [_thread_blocked, id=10468, stack(0x0000000025730000,0x0000000025830000)]
  0x000000001f73a000 JavaThread "jar transforms Thread 49" [_thread_blocked, id=14872, stack(0x0000000025630000,0x0000000025730000)]
  0x000000001fb47800 JavaThread "jar transforms Thread 48" [_thread_blocked, id=9932, stack(0x0000000025530000,0x0000000025630000)]
  0x000000001fb46800 JavaThread "jar transforms Thread 47" [_thread_blocked, id=14680, stack(0x0000000025430000,0x0000000025530000)]
  0x000000001fb4a800 JavaThread "jar transforms Thread 46" [_thread_blocked, id=12740, stack(0x0000000025330000,0x0000000025430000)]
  0x000000001fb49800 JavaThread "jar transforms Thread 45" [_thread_blocked, id=1660, stack(0x0000000025230000,0x0000000025330000)]
  0x000000001fb44000 JavaThread "jar transforms Thread 44" [_thread_blocked, id=7340, stack(0x0000000025130000,0x0000000025230000)]
  0x000000001fb48000 JavaThread "jar transforms Thread 43" [_thread_blocked, id=11008, stack(0x0000000025030000,0x0000000025130000)]
  0x000000001fb49000 JavaThread "jar transforms Thread 42" [_thread_blocked, id=14204, stack(0x0000000024f30000,0x0000000025030000)]
  0x000000001fb45800 JavaThread "jar transforms Thread 41" [_thread_blocked, id=3440, stack(0x0000000024e30000,0x0000000024f30000)]
  0x000000001fb45000 JavaThread "jar transforms Thread 40" [_thread_blocked, id=5496, stack(0x0000000024d30000,0x0000000024e30000)]
  0x000000001fb3c800 JavaThread "jar transforms Thread 39" [_thread_blocked, id=1512, stack(0x0000000024c30000,0x0000000024d30000)]
  0x000000001fb43800 JavaThread "jar transforms Thread 38" [_thread_blocked, id=15308, stack(0x0000000024b30000,0x0000000024c30000)]
  0x000000001fb3f000 JavaThread "jar transforms Thread 37" [_thread_blocked, id=15088, stack(0x0000000024a30000,0x0000000024b30000)]
  0x000000001fb3d800 JavaThread "jar transforms Thread 36" [_thread_blocked, id=7476, stack(0x0000000024930000,0x0000000024a30000)]
  0x000000001fb3e000 JavaThread "jar transforms Thread 35" [_thread_blocked, id=3428, stack(0x0000000024830000,0x0000000024930000)]
  0x000000001fb42800 JavaThread "jar transforms Thread 34" [_thread_blocked, id=15140, stack(0x0000000024730000,0x0000000024830000)]
  0x000000001fb42000 JavaThread "jar transforms Thread 33" [_thread_blocked, id=16244, stack(0x0000000024630000,0x0000000024730000)]
  0x000000001fb3c000 JavaThread "jar transforms Thread 32" [_thread_blocked, id=1488, stack(0x0000000024530000,0x0000000024630000)]
  0x000000001fb40800 JavaThread "jar transforms Thread 31" [_thread_blocked, id=15880, stack(0x0000000024430000,0x0000000024530000)]
  0x000000001fb3f800 JavaThread "jar transforms Thread 30" [_thread_blocked, id=15436, stack(0x0000000024330000,0x0000000024430000)]
  0x000000001fb41000 JavaThread "jar transforms Thread 29" [_thread_blocked, id=13576, stack(0x0000000024230000,0x0000000024330000)]
  0x000000001fb3b000 JavaThread "jar transforms Thread 28" [_thread_blocked, id=9140, stack(0x0000000024130000,0x0000000024230000)]
  0x000000001eb25000 JavaThread "jar transforms Thread 27" [_thread_blocked, id=14316, stack(0x0000000024030000,0x0000000024130000)]
  0x000000001eb22800 JavaThread "jar transforms Thread 26" [_thread_blocked, id=3748, stack(0x0000000023f30000,0x0000000024030000)]
  0x000000001eb23800 JavaThread "jar transforms Thread 25" [_thread_blocked, id=13528, stack(0x0000000023e30000,0x0000000023f30000)]
  0x000000001eb24000 JavaThread "jar transforms Thread 24" [_thread_blocked, id=8672, stack(0x0000000023d30000,0x0000000023e30000)]
  0x000000001eb22000 JavaThread "jar transforms Thread 23" [_thread_blocked, id=6028, stack(0x0000000023c30000,0x0000000023d30000)]
  0x000000001eb26800 JavaThread "jar transforms Thread 22" [_thread_blocked, id=13600, stack(0x0000000023b30000,0x0000000023c30000)]
  0x000000001eb21000 JavaThread "jar transforms Thread 21" [_thread_blocked, id=6372, stack(0x0000000023a30000,0x0000000023b30000)]
  0x000000001eb25800 JavaThread "jar transforms Thread 20" [_thread_blocked, id=14828, stack(0x0000000023930000,0x0000000023a30000)]
  0x000000001eb20800 JavaThread "jar transforms Thread 19" [_thread_blocked, id=13380, stack(0x0000000023830000,0x0000000023930000)]
  0x000000001eb27000 JavaThread "jar transforms Thread 18" [_thread_blocked, id=12200, stack(0x0000000023730000,0x0000000023830000)]
  0x000000001eb19000 JavaThread "jar transforms Thread 17" [_thread_blocked, id=2464, stack(0x0000000023630000,0x0000000023730000)]
  0x000000001eb1f800 JavaThread "jar transforms Thread 16" [_thread_blocked, id=2496, stack(0x0000000023530000,0x0000000023630000)]
  0x000000001eb1e000 JavaThread "jar transforms Thread 15" [_thread_blocked, id=10840, stack(0x0000000023430000,0x0000000023530000)]
  0x000000001eb1b000 JavaThread "jar transforms Thread 14" [_thread_blocked, id=6804, stack(0x0000000023330000,0x0000000023430000)]
  0x000000001eb1f000 JavaThread "jar transforms Thread 13" [_thread_blocked, id=6236, stack(0x0000000023230000,0x0000000023330000)]
  0x000000001eb19800 JavaThread "jar transforms Thread 12" [_thread_blocked, id=15992, stack(0x0000000023130000,0x0000000023230000)]
  0x000000001eb1d800 JavaThread "jar transforms Thread 11" [_thread_blocked, id=12260, stack(0x0000000023030000,0x0000000023130000)]
  0x000000001eb1c800 JavaThread "jar transforms Thread 10" [_thread_blocked, id=15404, stack(0x0000000022f30000,0x0000000023030000)]
  0x000000001eb18000 JavaThread "jar transforms Thread 9" [_thread_blocked, id=1092, stack(0x0000000022e30000,0x0000000022f30000)]
  0x000000001eb1c000 JavaThread "jar transforms Thread 8" [_thread_blocked, id=2996, stack(0x0000000022d30000,0x0000000022e30000)]
  0x000000001eb1a800 JavaThread "jar transforms Thread 7" [_thread_blocked, id=8832, stack(0x0000000022c30000,0x0000000022d30000)]
  0x000000001ebea000 JavaThread "jar transforms Thread 6" [_thread_blocked, id=14964, stack(0x0000000022b30000,0x0000000022c30000)]
  0x000000001ebee800 JavaThread "jar transforms Thread 5" [_thread_blocked, id=8812, stack(0x0000000022a30000,0x0000000022b30000)]
  0x000000001ebe7800 JavaThread "jar transforms Thread 4" [_thread_blocked, id=4700, stack(0x0000000022930000,0x0000000022a30000)]
  0x000000001ebed800 JavaThread "jar transforms Thread 3" [_thread_blocked, id=13584, stack(0x0000000022830000,0x0000000022930000)]
  0x000000001ebe8800 JavaThread "jar transforms Thread 2" [_thread_blocked, id=10064, stack(0x0000000022730000,0x0000000022830000)]
  0x000000001ebed000 JavaThread "Build operations Thread 8" [_thread_blocked, id=16352, stack(0x0000000022530000,0x0000000022630000)]
  0x000000001ebe9000 JavaThread "Build operations Thread 7" [_thread_blocked, id=14276, stack(0x0000000022430000,0x0000000022530000)]
  0x000000001ebeb800 JavaThread "Build operations Thread 6" [_thread_blocked, id=16232, stack(0x0000000022330000,0x0000000022430000)]
  0x000000001ebea800 JavaThread "Build operations Thread 5" [_thread_blocked, id=15888, stack(0x0000000022230000,0x0000000022330000)]
  0x000000001ebec000 JavaThread "Build operations Thread 4" [_thread_blocked, id=11184, stack(0x0000000022130000,0x0000000022230000)]
  0x000000001ebe0000 JavaThread "Build operations Thread 3" [_thread_blocked, id=15640, stack(0x0000000022030000,0x0000000022130000)]
  0x000000001ebe7000 JavaThread "Build operations Thread 2" [_thread_blocked, id=8916, stack(0x0000000021f30000,0x0000000022030000)]
  0x000000001ebdf800 JavaThread "Build operations" [_thread_blocked, id=16168, stack(0x0000000021e30000,0x0000000021f30000)]
  0x0000000019548000 JavaThread "Cache worker for file content cache (C:\Users\alexe\.gradle\caches\6.5\fileContent)" [_thread_blocked, id=15736, stack(0x0000000021730000,0x0000000021830000)]
  0x0000000019549800 JavaThread "jar transforms" [_thread_blocked, id=13848, stack(0x0000000021630000,0x0000000021730000)]
  0x0000000019547000 JavaThread "Cache worker for execution history cache (C:\Users\alexe\.gradle\caches\6.5\executionHistory)" [_thread_blocked, id=15292, stack(0x0000000020f30000,0x0000000021030000)]
  0x0000000019546800 JavaThread "Cache worker for cache directory md-rule (C:\Users\alexe\.gradle\caches\6.5\md-rule)" [_thread_blocked, id=9040, stack(0x0000000020e30000,0x0000000020f30000)]
  0x0000000019545800 JavaThread "Cache worker for cache directory md-supplier (C:\Users\alexe\.gradle\caches\6.5\md-supplier)" [_thread_blocked, id=2340, stack(0x0000000020d30000,0x0000000020e30000)]
  0x0000000019543800 JavaThread "Cache worker for checksums cache (C:\Users\alexe\AndroidStudioProjects\MyApplication\.gradle\checksums)" [_thread_blocked, id=16040, stack(0x0000000020a30000,0x0000000020b30000)]
  0x0000000019544000 JavaThread "Cache worker for file hash cache (C:\Users\alexe\AndroidStudioProjects\MyApplication\.gradle\6.5\fileHashes)" [_thread_blocked, id=3880, stack(0x00000000206e0000,0x00000000207e0000)]
  0x0000000019548800 JavaThread "Cache worker for file hash cache (C:\Users\alexe\.gradle\caches\6.5\fileHashes)" [_thread_blocked, id=13524, stack(0x000000001e440000,0x000000001e540000)]
  0x0000000019545000 JavaThread "File lock request listener" [_thread_in_native, id=15632, stack(0x000000001e340000,0x000000001e440000)]
  0x000000001c062800 JavaThread "Cache worker for journal cache (C:\Users\alexe\.gradle\caches\journal-1)" [_thread_blocked, id=10672, stack(0x000000001e240000,0x000000001e340000)]
  0x000000001c024800 JavaThread "Thread-9" [_thread_blocked, id=11548, stack(0x000000001df40000,0x000000001e040000)]
  0x000000001c03d000 JavaThread "Stdin handler" [_thread_blocked, id=9248, stack(0x000000001de40000,0x000000001df40000)]
  0x000000001c03c800 JavaThread "Asynchronous log dispatcher for DefaultDaemonConnection: socket connection from /127.0.0.1:56215 to /127.0.0.1:56216" [_thread_blocked, id=14228, stack(0x000000001dd40000,0x000000001de40000)]
  0x000000001c052800 JavaThread "Daemon worker" [_thread_in_native, id=12752, stack(0x000000001dc40000,0x000000001dd40000)]
  0x000000001c03f800 JavaThread "Cancel handler" [_thread_blocked, id=8960, stack(0x000000001db40000,0x000000001dc40000)]
  0x000000001bf92800 JavaThread "Handler for socket connection from /127.0.0.1:56215 to /127.0.0.1:56216" [_thread_in_native, id=10808, stack(0x000000001d840000,0x000000001d940000)]
  0x000000001bf8f000 JavaThread "Daemon" [_thread_blocked, id=15624, stack(0x000000001d740000,0x000000001d840000)]
  0x000000001bff3800 JavaThread "Daemon periodic checks" [_thread_blocked, id=6676, stack(0x000000001d640000,0x000000001d740000)]
  0x000000001bfa3800 JavaThread "Incoming local TCP Connector on port 56215" [_thread_in_native, id=8684, stack(0x000000001d3f0000,0x000000001d4f0000)]
  0x000000001bf11800 JavaThread "Daemon health stats" [_thread_blocked, id=13932, stack(0x000000001cdb0000,0x000000001ceb0000)]
  0x0000000019589000 JavaThread "Service Thread" daemon [_thread_blocked, id=8132, stack(0x000000001a210000,0x000000001a310000)]
  0x000000001954a000 JavaThread "C1 CompilerThread3" daemon [_thread_blocked, id=2092, stack(0x000000001a110000,0x000000001a210000)]
  0x000000001953a000 JavaThread "C2 CompilerThread2" daemon [_thread_blocked, id=15384, stack(0x000000001a010000,0x000000001a110000)]
=>0x000000001772a000 JavaThread "C2 CompilerThread1" daemon [_thread_in_native, id=15984, stack(0x0000000019f10000,0x000000001a010000)]
  0x0000000019532000 JavaThread "C2 CompilerThread0" daemon [_thread_blocked, id=15836, stack(0x0000000019e10000,0x0000000019f10000)]
  0x0000000019531000 JavaThread "Attach Listener" daemon [_thread_blocked, id=6708, stack(0x0000000019d10000,0x0000000019e10000)]
  0x000000001952f800 JavaThread "Signal Dispatcher" daemon [_thread_blocked, id=8268, stack(0x0000000019c10000,0x0000000019d10000)]
  0x00000000026ad800 JavaThread "Finalizer" daemon [_thread_blocked, id=11200, stack(0x0000000019a00000,0x0000000019b00000)]
  0x000000001771c800 JavaThread "Reference Handler" daemon [_thread_blocked, id=11192, stack(0x0000000019900000,0x0000000019a00000)]
  0x0000000000bee000 JavaThread "main" [_thread_blocked, id=5144, stack(0x0000000002410000,0x0000000002510000)]

Other Threads:
  0x0000000017717800 VMThread [stack: 0x0000000019400000,0x0000000019500000] [id=8844]
  0x00000000195d5800 WatcherThread [stack: 0x000000001a310000,0x000000001a410000] [id=13060]

VM state:not at safepoint (normal execution)

VM Mutex/Monitor currently owned by a thread: None

heap address: 0x0000000080000000, size: 2048 MB, Compressed Oops mode: 32-bit
Narrow klass base: 0x0000000000000000, Narrow klass shift: 3
Compressed class space size: 1073741824 Address: 0x0000000100000000

Heap:
 PSYoungGen      total 175616K, used 9057K [0x00000000d5580000, 0x00000000e2080000, 0x0000000100000000)
  eden space 166912K, 5% used [0x00000000d5580000,0x00000000d5e58430,0x00000000df880000)
  from space 8704K, 0% used [0x00000000e1800000,0x00000000e1800000,0x00000000e2080000)
  to   space 10752K, 0% used [0x00000000e0b80000,0x00000000e0b80000,0x00000000e1600000)
 ParOldGen       total 129024K, used 28341K [0x0000000080000000, 0x0000000087e00000, 0x00000000d5580000)
  object space 129024K, 21% used [0x0000000080000000,0x0000000081bad6d8,0x0000000087e00000)
 Metaspace       used 56708K, capacity 58958K, committed 59304K, reserved 1110016K
  class space    used 7806K, capacity 8294K, committed 8368K, reserved 1048576K

Card table byte_map: [0x0000000011a70000,0x0000000011e80000] byte_map_base: 0x0000000011670000

Marking Bits: (ParMarkBitMap*) 0x000000007511f030
 Begin Bits: [0x0000000012930000, 0x0000000014930000)
 End Bits:   [0x0000000014930000, 0x0000000016930000)

Polling page: 0x0000000000bb0000

CodeCache: size=245760Kb used=15339Kb max_used=15353Kb free=230420Kb
 bounds [0x00000000026b0000, 0x00000000035c0000, 0x00000000116b0000]
 total_blobs=5262 nmethods=4489 adapters=686
 compilation: enabled

Compilation events (10 events):
Event: 15.518 Thread 0x000000001772a000 nmethod 5013 0x00000000035b61d0 code [0x00000000035b6540, 0x00000000035b7e78]
Event: 15.526 Thread 0x000000001953a000 5018       4       sun.misc.URLClassPath$JarLoader$2::getCodeSourceURL (8 bytes)
Event: 15.527 Thread 0x000000001953a000 nmethod 5018 0x0000000002f906d0 code [0x0000000002f90800, 0x0000000002f90878]
Event: 15.531 Thread 0x000000001954a000 5019       3       sun.reflect.annotation.AnnotationParser::parseConst (208 bytes)
Event: 15.531 Thread 0x0000000019532000 5020  s    4       java.io.DataOutputStream::write (16 bytes)
Event: 15.533 Thread 0x000000001954a000 nmethod 5019 0x00000000035b95d0 code [0x00000000035b99c0, 0x00000000035bb628]
Event: 15.533 Thread 0x000000001954a000 5021       3       java.util.Formatter::checkText (58 bytes)
Event: 15.534 Thread 0x000000001954a000 nmethod 5021 0x000000000300b890 code [0x000000000300ba80, 0x000000000300c428]
Event: 15.543 Thread 0x0000000019532000 nmethod 5020 0x000000000300e310 code [0x000000000300e480, 0x000000000300ef48]
Event: 15.544 Thread 0x000000001772a000 5022       4       java.lang.AbstractStringBuilder::append (54 bytes)

GC Heap History (10 events):
Event: 14.972 GC heap before
{Heap before GC invocations=14 (full 4):
 PSYoungGen      total 175616K, used 2402K [0x00000000d5580000, 0x00000000e2080000, 0x0000000100000000)
  eden space 166912K, 0% used [0x00000000d5580000,0x00000000d5580000,0x00000000df880000)
  from space 8704K, 27% used [0x00000000e1800000,0x00000000e1a58910,0x00000000e2080000)
  to   space 10752K, 0% used [0x00000000e0b80000,0x00000000e0b80000,0x00000000e1600000)
 ParOldGen       total 129024K, used 36958K [0x0000000080000000, 0x0000000087e00000, 0x00000000d5580000)
  object space 129024K, 28% used [0x0000000080000000,0x00000000824178c8,0x0000000087e00000)
 Metaspace       used 55673K, capacity 58004K, committed 58152K, reserved 1107968K
  class space    used 7646K, capacity 8155K, committed 8240K, reserved 1048576K
Event: 15.113 GC heap after
Heap after GC invocations=14 (full 4):
 PSYoungGen      total 175616K, used 0K [0x00000000d5580000, 0x00000000e2080000, 0x0000000100000000)
  eden space 166912K, 0% used [0x00000000d5580000,0x00000000d5580000,0x00000000df880000)
  from space 8704K, 0% used [0x00000000e1800000,0x00000000e1800000,0x00000000e2080000)
  to   space 10752K, 0% used [0x00000000e0b80000,0x00000000e0b80000,0x00000000e1600000)
 ParOldGen       total 129024K, used 28981K [0x0000000080000000, 0x0000000087e00000, 0x00000000d5580000)
  object space 129024K, 22% used [0x0000000080000000,0x0000000081c4d750,0x0000000087e00000)
 Metaspace       used 55673K, capacity 58004K, committed 58152K, reserved 1105920K
  class space    used 7646K, capacity 8155K, committed 8240K, reserved 1048576K
}
Event: 15.113 GC heap before
{Heap before GC invocations=15 (full 4):
 PSYoungGen      total 175616K, used 355K [0x00000000d5580000, 0x00000000e2080000, 0x0000000100000000)
  eden space 166912K, 0% used [0x00000000d5580000,0x00000000d55d8db8,0x00000000df880000)
  from space 8704K, 0% used [0x00000000e1800000,0x00000000e1800000,0x00000000e2080000)
  to   space 10752K, 0% used [0x00000000e0b80000,0x00000000e0b80000,0x00000000e1600000)
 ParOldGen       total 129024K, used 28981K [0x0000000080000000, 0x0000000087e00000, 0x00000000d5580000)
  object space 129024K, 22% used [0x0000000080000000,0x0000000081c4d750,0x0000000087e00000)
 Metaspace       used 55673K, capacity 58004K, committed 58152K, reserved 1110016K
  class space    used 7646K, capacity 8155K, committed 8240K, reserved 1048576K
Event: 15.117 GC heap after
Heap after GC invocations=15 (full 4):
 PSYoungGen      total 177664K, used 32K [0x00000000d5580000, 0x00000000e2080000, 0x0000000100000000)
  eden space 166912K, 0% used [0x00000000d5580000,0x00000000d5580000,0x00000000df880000)
  from space 10752K, 0% used [0x00000000e0b80000,0x00000000e0b88000,0x00000000e1600000)
  to   space 8704K, 0% used [0x00000000e1800000,0x00000000e1800000,0x00000000e2080000)
 ParOldGen       total 129024K, used 28981K [0x0000000080000000, 0x0000000087e00000, 0x00000000d5580000)
  object space 129024K, 22% used [0x0000000080000000,0x0000000081c4d750,0x0000000087e00000)
 Metaspace       used 55673K, capacity 58004K, committed 58152K, reserved 1110016K
  class space    used 7646K, capacity 8155K, committed 8240K, reserved 1048576K
}
Event: 15.117 GC heap before
{Heap before GC invocations=16 (full 5):
 PSYoungGen      total 177664K, used 32K [0x00000000d5580000, 0x00000000e2080000, 0x0000000100000000)
  eden space 166912K, 0% used [0x00000000d5580000,0x00000000d5580000,0x00000000df880000)
  from space 10752K, 0% used [0x00000000e0b80000,0x00000000e0b88000,0x00000000e1600000)
  to   space 8704K, 0% used [0x00000000e1800000,0x00000000e1800000,0x00000000e2080000)
 ParOldGen       total 129024K, used 28981K [0x0000000080000000, 0x0000000087e00000, 0x00000000d5580000)
  object space 129024K, 22% used [0x0000000080000000,0x0000000081c4d750,0x0000000087e00000)
 Metaspace       used 55673K, capacity 58004K, committed 58152K, reserved 1110016K
  class space    used 7646K, capacity 8155K, committed 8240K, reserved 1048576K
Event: 15.209 GC heap after
Heap after GC invocations=16 (full 5):
 PSYoungGen      total 177664K, used 0K [0x00000000d5580000, 0x00000000e2080000, 0x0000000100000000)
  eden space 166912K, 0% used [0x00000000d5580000,0x00000000d5580000,0x00000000df880000)
  from space 10752K, 0% used [0x00000000e0b80000,0x00000000e0b80000,0x00000000e1600000)
  to   space 8704K, 0% used [0x00000000e1800000,0x00000000e1800000,0x00000000e2080000)
 ParOldGen       total 129024K, used 28725K [0x0000000080000000, 0x0000000087e00000, 0x00000000d5580000)
  object space 129024K, 22% used [0x0000000080000000,0x0000000081c0d590,0x0000000087e00000)
 Metaspace       used 55673K, capacity 58004K, committed 58152K, reserved 1105920K
  class space    used 7646K, capacity 8155K, committed 8240K, reserved 1048576K
}
Event: 15.284 GC heap before
{Heap before GC invocations=17 (full 5):
 PSYoungGen      total 177664K, used 6331K [0x00000000d5580000, 0x00000000e2080000, 0x0000000100000000)
  eden space 166912K, 3% used [0x00000000d5580000,0x00000000d5baeeb8,0x00000000df880000)
  from space 10752K, 0% used [0x00000000e0b80000,0x00000000e0b80000,0x00000000e1600000)
  to   space 8704K, 0% used [0x00000000e1800000,0x00000000e1800000,0x00000000e2080000)
 ParOldGen       total 129024K, used 28725K [0x0000000080000000, 0x0000000087e00000, 0x00000000d5580000)
  object space 129024K, 22% used [0x0000000080000000,0x0000000081c0d590,0x0000000087e00000)
 Metaspace       used 55934K, capacity 58228K, committed 58408K, reserved 1112064K
  class space    used 7691K, capacity 8159K, committed 8240K, reserved 1048576K
Event: 15.289 GC heap after
Heap after GC invocations=17 (full 5):
 PSYoungGen      total 175616K, used 608K [0x00000000d5580000, 0x00000000e2080000, 0x0000000100000000)
  eden space 166912K, 0% used [0x00000000d5580000,0x00000000d5580000,0x00000000df880000)
  from space 8704K, 6% used [0x00000000e1800000,0x00000000e1898000,0x00000000e2080000)
  to   space 10752K, 0% used [0x00000000e0b80000,0x00000000e0b80000,0x00000000e1600000)
 ParOldGen       total 129024K, used 28733K [0x0000000080000000, 0x0000000087e00000, 0x00000000d5580000)
  object space 129024K, 22% used [0x0000000080000000,0x0000000081c0f590,0x0000000087e00000)
 Metaspace       used 55934K, capacity 58228K, committed 58408K, reserved 1112064K
  class space    used 7691K, capacity 8159K, committed 8240K, reserved 1048576K
}
Event: 15.289 GC heap before
{Heap before GC invocations=18 (full 6):
 PSYoungGen      total 175616K, used 608K [0x00000000d5580000, 0x00000000e2080000, 0x0000000100000000)
  eden space 166912K, 0% used [0x00000000d5580000,0x00000000d5580000,0x00000000df880000)
  from space 8704K, 6% used [0x00000000e1800000,0x00000000e1898000,0x00000000e2080000)
  to   space 10752K, 0% used [0x00000000e0b80000,0x00000000e0b80000,0x00000000e1600000)
 ParOldGen       total 129024K, used 28733K [0x0000000080000000, 0x0000000087e00000, 0x00000000d5580000)
  object space 129024K, 22% used [0x0000000080000000,0x0000000081c0f590,0x0000000087e00000)
 Metaspace       used 55934K, capacity 58228K, committed 58408K, reserved 1112064K
  class space    used 7691K, capacity 8159K, committed 8240K, reserved 1048576K
Event: 15.383 GC heap after
Heap after GC invocations=18 (full 6):
 PSYoungGen      total 175616K, used 0K [0x00000000d5580000, 0x00000000e2080000, 0x0000000100000000)
  eden space 166912K, 0% used [0x00000000d5580000,0x00000000d5580000,0x00000000df880000)
  from space 8704K, 0% used [0x00000000e1800000,0x00000000e1800000,0x00000000e2080000)
  to   space 10752K, 0% used [0x00000000e0b80000,0x00000000e0b80000,0x00000000e1600000)
 ParOldGen       total 129024K, used 28341K [0x0000000080000000, 0x0000000087e00000, 0x00000000d5580000)
  object space 129024K, 21% used [0x0000000080000000,0x0000000081bad6d8,0x0000000087e00000)
 Metaspace       used 55934K, capacity 58228K, committed 58408K, reserved 1107968K
  class space    used 7691K, capacity 8159K, committed 8240K, reserved 1048576K
}

Deoptimization events (10 events):
Event: 14.890 Thread 0x000000001c052800 Uncommon trap: reason=unstable_if action=reinterpret pc=0x00000000029d8a2c method=java.util.HashMap.resize()[Ljava/util/HashMap$Node; @ 206
Event: 14.890 Thread 0x000000001c052800 Uncommon trap: reason=unstable_if action=reinterpret pc=0x0000000002aa40d8 method=java.util.HashMap.getNode(ILjava/lang/Object;)Ljava/util/HashMap$Node; @ 84
Event: 14.890 Thread 0x000000001c052800 Uncommon trap: reason=unstable_if action=reinterpret pc=0x00000000035448f0 method=java.util.HashMap.getNode(ILjava/lang/Object;)Ljava/util/HashMap$Node; @ 84
Event: 14.890 Thread 0x000000001c052800 Uncommon trap: reason=unstable_if action=reinterpret pc=0x00000000034b1464 method=java.util.HashMap.getNode(ILjava/lang/Object;)Ljava/util/HashMap$Node; @ 84
Event: 14.921 Thread 0x000000001c052800 Uncommon trap: reason=unstable_if action=reinterpret pc=0x000000000314d800 method=java.io.WinNTFileSystem.normalize(Ljava/lang/String;)Ljava/lang/String; @ 74
Event: 14.921 Thread 0x000000001c052800 Uncommon trap: reason=unstable_if action=reinterpret pc=0x0000000002cabf88 method=java.io.WinNTFileSystem.normalize(Ljava/lang/String;II)Ljava/lang/String; @ 103
Event: 15.524 Thread 0x000000001c052800 Uncommon trap: reason=bimorphic action=maybe_recompile pc=0x00000000029e9014 method=java.util.regex.Pattern$5.isSatisfiedBy(I)Z @ 16
Event: 15.525 Thread 0x000000001c052800 Uncommon trap: reason=bimorphic action=maybe_recompile pc=0x00000000029e9014 method=java.util.regex.Pattern$5.isSatisfiedBy(I)Z @ 16
Event: 15.525 Thread 0x000000001c052800 Uncommon trap: reason=bimorphic action=maybe_recompile pc=0x00000000029e9014 method=java.util.regex.Pattern$5.isSatisfiedBy(I)Z @ 16
Event: 15.525 Thread 0x000000001c052800 Uncommon trap: reason=bimorphic action=maybe_recompile pc=0x00000000029e9014 method=java.util.regex.Pattern$5.isSatisfiedBy(I)Z @ 16

Classes redefined (0 events):
No events

Internal exceptions (10 events):
Event: 14.511 Thread 0x000000001c052800 Implicit null exception at 0x0000000003578a20 to 0x00000000035795a5
Event: 14.512 Thread 0x000000001c052800 Implicit null exception at 0x000000000348cfe6 to 0x000000000348d4fd
Event: 14.771 Thread 0x000000001c052800 Exception <a 'java/lang/ClassNotFoundException': com/android/build/gradle/internal/api/ApkVariantOutputImpl_DecoratedBeanInfo> (0x00000000d5f9de30) thrown at [C:\src\AOSP-openjdk-git\hotspot\src\share\vm\classfile\systemDictionary.cpp, line 210]
Event: 14.772 Thread 0x000000001c052800 Exception <a 'java/lang/ClassNotFoundException': com/android/build/gradle/internal/api/ApkVariantOutputImplBeanInfo> (0x00000000d5fbb060) thrown at [C:\src\AOSP-openjdk-git\hotspot\src\share\vm\classfile\systemDictionary.cpp, line 210]
Event: 14.772 Thread 0x000000001c052800 Exception <a 'java/lang/ClassNotFoundException': com/android/build/gradle/internal/api/BaseVariantOutputImplBeanInfo> (0x00000000d5fd9498) thrown at [C:\src\AOSP-openjdk-git\hotspot\src\share\vm\classfile\systemDictionary.cpp, line 210]
Event: 14.773 Thread 0x000000001c052800 Exception <a 'java/lang/ClassNotFoundException': com/android/build/gradle/internal/api/BaseVariantOutputImplCustomizer> (0x00000000d5ff7e30) thrown at [C:\src\AOSP-openjdk-git\hotspot\src\share\vm\classfile\systemDictionary.cpp, line 210]
Event: 14.774 Thread 0x000000001c052800 Exception <a 'java/lang/ClassNotFoundException': com/android/build/gradle/internal/api/ApkVariantOutputImplCustomizer> (0x00000000d60305f8) thrown at [C:\src\AOSP-openjdk-git\hotspot\src\share\vm\classfile\systemDictionary.cpp, line 210]
Event: 14.775 Thread 0x000000001c052800 Exception <a 'java/lang/ClassNotFoundException': com/android/build/gradle/internal/api/ApkVariantOutputImpl_DecoratedCustomizer> (0x00000000d6064398) thrown at [C:\src\AOSP-openjdk-git\hotspot\src\share\vm\classfile\systemDictionary.cpp, line 210]
Event: 15.214 Thread 0x000000001c052800 Exception <a 'java/lang/NoSuchMethodError': java.lang.Object.lambda$static$0(Lorg/gradle/api/internal/tasks/TaskDependencyResolveContext;)V> (0x00000000d55eabf0) thrown at [C:\src\AOSP-openjdk-git\hotspot\src\share\vm\interpreter\linkResolver.cpp, line 62
Event: 15.492 Thread 0x000000001c052800 Exception <a 'sun/nio/fs/WindowsException'> (0x00000000d5aee028) thrown at [C:\src\AOSP-openjdk-git\hotspot\src\share\vm\prims\jni.cpp, line 710]

Events (10 events):
Event: 15.547 loading class com/android/repository/impl/generated/v1/ChannelRefType
Event: 15.547 loading class com/android/repository/impl/generated/v1/ChannelRefType done
Event: 15.547 loading class com/android/repository/impl/meta/RevisionType
Event: 15.547 loading class com/android/repository/impl/meta/RevisionType done
Event: 15.547 loading class com/android/repository/impl/generated/v1/RevisionType
Event: 15.547 loading class com/android/repository/impl/generated/v1/RevisionType done
Event: 15.547 loading class com/android/repository/impl/meta/RepoPackageImpl$Dependencies
Event: 15.547 loading class com/android/repository/impl/meta/RepoPackageImpl$Dependencies done
Event: 15.548 loading class com/android/repository/impl/generated/v1/DependenciesType
Event: 15.548 loading class com/android/repository/impl/generated/v1/DependenciesType done


Dynamic libraries:
0x00007ff689190000 - 0x00007ff6891c1000 	C:\Program Files\Android\Android Studio\jre\bin\java.exe
0x00007ffd8f270000 - 0x00007ffd8f465000 	C:\Windows\SYSTEM32\ntdll.dll
0x00007ffd8e7d0000 - 0x00007ffd8e88e000 	C:\Windows\System32\KERNEL32.DLL
0x00007ffd8ce60000 - 0x00007ffd8d129000 	C:\Windows\System32\KERNELBASE.dll
0x00007ffd8f050000 - 0x00007ffd8f0fc000 	C:\Windows\System32\ADVAPI32.dll
0x00007ffd8df40000 - 0x00007ffd8dfde000 	C:\Windows\System32\msvcrt.dll
0x00007ffd8ed60000 - 0x00007ffd8edfb000 	C:\Windows\System32\sechost.dll
0x00007ffd8e6a0000 - 0x00007ffd8e7ca000 	C:\Windows\System32\RPCRT4.dll
0x00007ffd8dfe0000 - 0x00007ffd8e181000 	C:\Windows\System32\USER32.dll
0x00007ffd8cc20000 - 0x00007ffd8cc42000 	C:\Windows\System32\win32u.dll
0x00007ffd8e8b0000 - 0x00007ffd8e8db000 	C:\Windows\System32\GDI32.dll
0x00007ffd8c990000 - 0x00007ffd8ca9b000 	C:\Windows\System32\gdi32full.dll
0x00007ffd8d190000 - 0x00007ffd8d22d000 	C:\Windows\System32\msvcp_win.dll
0x00007ffd8cb20000 - 0x00007ffd8cc20000 	C:\Windows\System32\ucrtbase.dll
0x00007ffd79250000 - 0x00007ffd794ea000 	C:\Windows\WinSxS\amd64_microsoft.windows.common-controls_6595b64144ccf1df_6.0.19041.1110_none_60b5254171f9507e\COMCTL32.dll
0x00007ffd8f200000 - 0x00007ffd8f230000 	C:\Windows\System32\IMM32.DLL
0x0000000072f80000 - 0x0000000073052000 	C:\Program Files\Android\Android Studio\jre\jre\bin\msvcr100.dll
0x0000000074950000 - 0x000000007519b000 	C:\Program Files\Android\Android Studio\jre\jre\bin\server\jvm.dll
0x00007ffd8e890000 - 0x00007ffd8e898000 	C:\Windows\System32\PSAPI.DLL
0x00007ffd8c4a0000 - 0x00007ffd8c4aa000 	C:\Windows\SYSTEM32\VERSION.dll
0x00007ffd7e400000 - 0x00007ffd7e427000 	C:\Windows\SYSTEM32\WINMM.dll
0x00007ffd89d00000 - 0x00007ffd89d09000 	C:\Windows\SYSTEM32\WSOCK32.dll
0x00007ffd8f100000 - 0x00007ffd8f16b000 	C:\Windows\System32\WS2_32.dll
0x00007ffd85b50000 - 0x00007ffd85b5f000 	C:\Program Files\Android\Android Studio\jre\jre\bin\verify.dll
0x00007ffd827b0000 - 0x00007ffd827d9000 	C:\Program Files\Android\Android Studio\jre\jre\bin\java.dll
0x00007ffd82790000 - 0x00007ffd827a6000 	C:\Program Files\Android\Android Studio\jre\jre\bin\zip.dll
0x00007ffd8d400000 - 0x00007ffd8db3f000 	C:\Windows\System32\SHELL32.dll
0x00007ffd8a730000 - 0x00007ffd8aec0000 	C:\Windows\SYSTEM32\windows.storage.dll
0x00007ffd8e340000 - 0x00007ffd8e695000 	C:\Windows\System32\combase.dll
0x00007ffd8c300000 - 0x00007ffd8c32c000 	C:\Windows\SYSTEM32\Wldp.dll
0x00007ffd8ddb0000 - 0x00007ffd8de5d000 	C:\Windows\System32\SHCORE.dll
0x00007ffd8f170000 - 0x00007ffd8f1c5000 	C:\Windows\System32\shlwapi.dll
0x00007ffd8c8d0000 - 0x00007ffd8c8ef000 	C:\Windows\SYSTEM32\profapi.dll
0x00007ffd81f50000 - 0x00007ffd81f6a000 	C:\Program Files\Android\Android Studio\jre\jre\bin\net.dll
0x00007ffd8c000000 - 0x00007ffd8c06a000 	C:\Windows\system32\mswsock.dll
0x00007ffd785b0000 - 0x00007ffd785c3000 	C:\Program Files\Android\Android Studio\jre\jre\bin\nio.dll
0x00007ffd74a50000 - 0x00007ffd74a77000 	C:\Users\alexe\.gradle\native\f6784746aeab05261644944871eae4fe03e0ef1612fff0a4a95f87b438bc6780\windows-amd64\native-platform.dll
0x00007ffd85ae0000 - 0x00007ffd85aed000 	C:\Program Files\Android\Android Studio\jre\jre\bin\management.dll
0x00007ffd8c260000 - 0x00007ffd8c278000 	C:\Windows\SYSTEM32\CRYPTSP.dll
0x00007ffd8b980000 - 0x00007ffd8b9b4000 	C:\Windows\system32\rsaenh.dll
0x00007ffd8caf0000 - 0x00007ffd8cb17000 	C:\Windows\System32\bcrypt.dll
0x00007ffd8c890000 - 0x00007ffd8c8be000 	C:\Windows\SYSTEM32\USERENV.dll
0x00007ffd8d230000 - 0x00007ffd8d2b3000 	C:\Windows\System32\bcryptprimitives.dll
0x00007ffd8c250000 - 0x00007ffd8c25c000 	C:\Windows\SYSTEM32\CRYPTBASE.dll
0x00007ffd8bcf0000 - 0x00007ffd8bd2b000 	C:\Windows\SYSTEM32\IPHLPAPI.DLL
0x00007ffd8f1d0000 - 0x00007ffd8f1d8000 	C:\Windows\System32\NSI.dll
0x00007ffd85060000 - 0x00007ffd85077000 	C:\Windows\SYSTEM32\dhcpcsvc6.DLL
0x00007ffd85350000 - 0x00007ffd8536d000 	C:\Windows\SYSTEM32\dhcpcsvc.DLL
0x00007ffd8bd30000 - 0x00007ffd8bdfc000 	C:\Windows\SYSTEM32\DNSAPI.dll
0x00007ffd88fd0000 - 0x00007ffd88fdb000 	C:\Windows\SYSTEM32\WINNSI.DLL

VM Arguments:
jvm_args: -Xmx2048m -Dfile.encoding=UTF-8 -Duser.country=RU -Duser.language=ru -Duser.variant 
java_command: org.gradle.launcher.daemon.bootstrap.GradleDaemon 6.5
java_class_path (initial): C:\Users\alexe\.gradle\wrapper\dists\gradle-6.5-bin\6nifqtx7604sqp1q6g8wikw7p\gradle-6.5\lib\gradle-launcher-6.5.jar
Launcher Type: SUN_STANDARD

Environment Variables:
PATH=C:\Program Files\Common Files\Oracle\Java\javapath;C:\Windows\system32;C:\Windows;C:\Windows\System32\Wbem;C:\Windows\System32\WindowsPowerShell\v1.0\;C:\Windows\System32\OpenSSH\;C:\Users\alexe\AppData\Local\Microsoft\WindowsApps;
USERNAME=alexe
OS=Windows_NT
PROCESSOR_IDENTIFIER=AMD64 Family 23 Model 96 Stepping 1, AuthenticAMD



---------------  S Y S T E M  ---------------

OS: Windows 10.0 , 64 bit Build 19041 (10.0.19041.1202)

CPU:total 8 (initial active 8) (8 cores per cpu, 1 threads per core) family 23 model 96 stepping 1, cmov, cx8, fxsr, mmx, sse, sse2, sse3, ssse3, sse4.1, sse4.2, popcnt, avx, avx2, aes, clmul, mmxext, 3dnowpref, lzcnt, sse4a, tsc, tscinvbit, tscinv, bmi1

Memory: 4k page, physical 16170380k(2016332k free), swap 16170380k(2128k free)

vm_info: OpenJDK 64-Bit Server VM (25.242-b01) for windows-amd64 JRE (1.8.0_242-release-1644-b01), built by "builder" with MS VC++ 10.0 (VS2010)

time: Thu Oct 21 00:48:39 2021
timezone: RTZ 2 (зима)
elapsed time: 15 seconds (0d 0h 0m 15s)

